<?xml version="1.0" encoding="UTF-8"?>
<robot generator="Robot 3.1.1 (Python 3.7.2 on win32)" generated="20190306 14:27:13.718" rpa="false">
<suite id="s1" name="新建一级校园旅程" source="D:\robotframework-master\RIIL_automation_testing_base_on_robot_framework-dev\testcases\relax\温大实验局\办事大厅首页\校园旅程后台配置\新建一级校园旅程.robot">
<test id="s1-t1" name="新建一级校园旅程">
<kw name="打开浏览器" library="relax_element_keyword_resource" type="setup">
<kw name="Get Xpath" library="riil_helper">
<arguments>
<arg>login_page</arg>
<arg>relax</arg>
<arg>relax</arg>
</arguments>
<assign>
<var>${url}</var>
</assign>
<msg timestamp="20190306 14:27:14.274" level="INFO">${url} = http://172.17.189.63:9090/relax</msg>
<status status="PASS" starttime="20190306 14:27:14.271" endtime="20190306 14:27:14.274"></status>
</kw>
<kw name="Log" library="BuiltIn">
<doc>Logs the given message with the given level.</doc>
<arguments>
<arg>${url}</arg>
</arguments>
<msg timestamp="20190306 14:27:14.275" level="INFO">http://172.17.189.63:9090/relax</msg>
<status status="PASS" starttime="20190306 14:27:14.274" endtime="20190306 14:27:14.275"></status>
</kw>
<kw name="Open Browser" library="Selenium2Library">
<doc>Opens a new browser instance to the given ``url``.</doc>
<arguments>
<arg>${url}</arg>
<arg>chrome</arg>
</arguments>
<msg timestamp="20190306 14:27:14.275" level="INFO">Opening browser 'chrome' to base url 'http://172.17.189.63:9090/relax'.</msg>
<status status="PASS" starttime="20190306 14:27:14.275" endtime="20190306 14:27:17.247"></status>
</kw>
<kw name="Maximize Browser Window" library="Selenium2Library">
<doc>Maximizes current browser window.</doc>
<status status="PASS" starttime="20190306 14:27:17.248" endtime="20190306 14:27:18.417"></status>
</kw>
<status status="PASS" starttime="20190306 14:27:14.271" endtime="20190306 14:27:18.418"></status>
</kw>
<kw name="given 进入校园旅程新建页面" library="relax_business_keyword_resource">
<kw name="登录Relax" library="relax_business_keyword_resource">
<arguments>
<arg>admin</arg>
<arg>admin</arg>
</arguments>
<kw name="暂停" library="riil_common_keyword_resource">
<kw name="Sleep" library="BuiltIn">
<doc>Pauses the test executed for the given time.</doc>
<arguments>
<arg>1</arg>
</arguments>
<msg timestamp="20190306 14:27:19.423" level="INFO">Slept 1 second</msg>
<status status="PASS" starttime="20190306 14:27:18.421" endtime="20190306 14:27:19.423"></status>
</kw>
<status status="PASS" starttime="20190306 14:27:18.419" endtime="20190306 14:27:19.423"></status>
</kw>
<kw name="登录名称" library="relax_element_keyword_resource">
<arguments>
<arg>${username}</arg>
</arguments>
<kw name="输入字符串" library="riil_common_keyword_resource">
<arguments>
<arg>login_page</arg>
<arg>username</arg>
<arg>${str_name}</arg>
<arg>relax</arg>
</arguments>
<kw name="Get Xpath" library="riil_helper">
<arguments>
<arg>${section}</arg>
<arg>${xpath_name}</arg>
<arg>${product}</arg>
</arguments>
<assign>
<var>${user}</var>
</assign>
<msg timestamp="20190306 14:27:19.425" level="INFO">${user} = //*[@name="username"]</msg>
<status status="PASS" starttime="20190306 14:27:19.424" endtime="20190306 14:27:19.425"></status>
</kw>
<kw name="Sleep" library="BuiltIn">
<doc>Pauses the test executed for the given time.</doc>
<arguments>
<arg>2</arg>
</arguments>
<msg timestamp="20190306 14:27:21.426" level="INFO">Slept 2 seconds</msg>
<status status="PASS" starttime="20190306 14:27:19.425" endtime="20190306 14:27:21.426"></status>
</kw>
<kw name="Input Text" library="Selenium2Library">
<doc>Types the given ``text`` into text field identified by ``locator``.</doc>
<arguments>
<arg>${user}</arg>
<arg>${str_name}</arg>
</arguments>
<msg timestamp="20190306 14:27:21.426" level="INFO">Typing text 'admin' into text field '//*[@name="username"]'.</msg>
<status status="PASS" starttime="20190306 14:27:21.426" endtime="20190306 14:27:21.518"></status>
</kw>
<status status="PASS" starttime="20190306 14:27:19.424" endtime="20190306 14:27:21.518"></status>
</kw>
<status status="PASS" starttime="20190306 14:27:19.423" endtime="20190306 14:27:21.518"></status>
</kw>
<kw name="登录密码" library="relax_element_keyword_resource">
<arguments>
<arg>${password}</arg>
</arguments>
<kw name="输入字符串" library="riil_common_keyword_resource">
<arguments>
<arg>login_page</arg>
<arg>password</arg>
<arg>${str_name}</arg>
<arg>relax</arg>
</arguments>
<kw name="Get Xpath" library="riil_helper">
<arguments>
<arg>${section}</arg>
<arg>${xpath_name}</arg>
<arg>${product}</arg>
</arguments>
<assign>
<var>${user}</var>
</assign>
<msg timestamp="20190306 14:27:21.520" level="INFO">${user} = //input[@placeholder='密码']</msg>
<status status="PASS" starttime="20190306 14:27:21.519" endtime="20190306 14:27:21.520"></status>
</kw>
<kw name="Sleep" library="BuiltIn">
<doc>Pauses the test executed for the given time.</doc>
<arguments>
<arg>2</arg>
</arguments>
<msg timestamp="20190306 14:27:23.522" level="INFO">Slept 2 seconds</msg>
<status status="PASS" starttime="20190306 14:27:21.521" endtime="20190306 14:27:23.522"></status>
</kw>
<kw name="Input Text" library="Selenium2Library">
<doc>Types the given ``text`` into text field identified by ``locator``.</doc>
<arguments>
<arg>${user}</arg>
<arg>${str_name}</arg>
</arguments>
<msg timestamp="20190306 14:27:23.523" level="INFO">Typing text 'admin' into text field '//input[@placeholder='密码']'.</msg>
<status status="PASS" starttime="20190306 14:27:23.523" endtime="20190306 14:27:23.631"></status>
</kw>
<status status="PASS" starttime="20190306 14:27:21.519" endtime="20190306 14:27:23.631"></status>
</kw>
<status status="PASS" starttime="20190306 14:27:21.518" endtime="20190306 14:27:23.631"></status>
</kw>
<kw name="登录" library="relax_element_keyword_resource">
<kw name="点击按钮" library="riil_common_keyword_resource">
<arguments>
<arg>login_page</arg>
<arg>login_button1</arg>
<arg>relax</arg>
</arguments>
<kw name="Get Xpath" library="riil_helper">
<arguments>
<arg>${section}</arg>
<arg>${xpath_name}</arg>
<arg>${product}</arg>
</arguments>
<assign>
<var>${name}</var>
</assign>
<msg timestamp="20190306 14:27:23.633" level="INFO">${name} = //*[@class="btn btn-block btn-primary"]</msg>
<status status="PASS" starttime="20190306 14:27:23.631" endtime="20190306 14:27:23.633"></status>
</kw>
<kw name="Click Button" library="Selenium2Library">
<doc>Clicks button identified by ``locator``.</doc>
<arguments>
<arg>${name}</arg>
</arguments>
<msg timestamp="20190306 14:27:23.634" level="INFO">Clicking button '//*[@class="btn btn-block btn-primary"]'.</msg>
<status status="PASS" starttime="20190306 14:27:23.633" endtime="20190306 14:27:23.715"></status>
</kw>
<status status="PASS" starttime="20190306 14:27:23.631" endtime="20190306 14:27:23.715"></status>
</kw>
<status status="PASS" starttime="20190306 14:27:23.631" endtime="20190306 14:27:23.715"></status>
</kw>
<kw name="等待 5s" library="riil_common_keyword_resource">
<kw name="Sleep" library="BuiltIn">
<doc>Pauses the test executed for the given time.</doc>
<arguments>
<arg>5</arg>
</arguments>
<msg timestamp="20190306 14:27:28.717" level="INFO">Slept 5 seconds</msg>
<status status="PASS" starttime="20190306 14:27:23.716" endtime="20190306 14:27:28.717"></status>
</kw>
<status status="PASS" starttime="20190306 14:27:23.715" endtime="20190306 14:27:28.717"></status>
</kw>
<kw name="登录成功验证" library="relax_element_keyword_resource">
<arguments>
<arg>工作台</arg>
</arguments>
<kw name="校验包含字符串" library="relax_element_keyword_resource">
<arguments>
<arg>login_page</arg>
<arg>workspace</arg>
<arg>${str_name}</arg>
<arg>relax</arg>
</arguments>
<kw name="Get Xpath" library="riil_helper">
<arguments>
<arg>${section}</arg>
<arg>${xpath_name}</arg>
<arg>${product}</arg>
</arguments>
<assign>
<var>${s}</var>
</assign>
<msg timestamp="20190306 14:27:28.719" level="INFO">${s} = //a[@data-frame-id='workTab']</msg>
<status status="PASS" starttime="20190306 14:27:28.718" endtime="20190306 14:27:28.719"></status>
</kw>
<kw name="Get Text" library="Selenium2Library">
<doc>Returns the text value of element identified by ``locator``.</doc>
<arguments>
<arg>${s}</arg>
</arguments>
<assign>
<var>${fullstr}</var>
</assign>
<msg timestamp="20190306 14:27:28.755" level="INFO">${fullstr} = 工作台</msg>
<status status="PASS" starttime="20190306 14:27:28.719" endtime="20190306 14:27:28.755"></status>
</kw>
<kw name="Log" library="BuiltIn">
<doc>Logs the given message with the given level.</doc>
<arguments>
<arg>${fullstr}</arg>
</arguments>
<msg timestamp="20190306 14:27:28.755" level="INFO">工作台</msg>
<status status="PASS" starttime="20190306 14:27:28.755" endtime="20190306 14:27:28.755"></status>
</kw>
<kw name="Should Contain" library="BuiltIn">
<doc>Fails if ``container`` does not contain ``item`` one or more times.</doc>
<arguments>
<arg>${fullstr}</arg>
<arg>${str}</arg>
</arguments>
<status status="PASS" starttime="20190306 14:27:28.755" endtime="20190306 14:27:28.756"></status>
</kw>
<status status="PASS" starttime="20190306 14:27:28.717" endtime="20190306 14:27:28.756"></status>
</kw>
<status status="PASS" starttime="20190306 14:27:28.717" endtime="20190306 14:27:28.756"></status>
</kw>
<status status="PASS" starttime="20190306 14:27:18.419" endtime="20190306 14:27:28.756"></status>
</kw>
<kw name="点击右展按钮" library="relax_element_keyword_resource">
<kw name="Click Element" library="Selenium2Library">
<doc>Click element identified by ``locator``.</doc>
<arguments>
<arg>class=arrow-right</arg>
</arguments>
<msg timestamp="20190306 14:27:28.756" level="INFO">Clicking element 'class=arrow-right'.</msg>
<status status="PASS" starttime="20190306 14:27:28.756" endtime="20190306 14:27:28.848"></status>
</kw>
<status status="PASS" starttime="20190306 14:27:28.756" endtime="20190306 14:27:28.848"></status>
</kw>
<kw name="显示出隐藏元素" library="riil_common_keyword_resource">
<arguments>
<arg>service_management</arg>
<arg>service_manager</arg>
<arg>relax</arg>
</arguments>
<kw name="Get Xpath" library="riil_helper">
<arguments>
<arg>${section}</arg>
<arg>${xpath_name}</arg>
<arg>${product}</arg>
</arguments>
<assign>
<var>${user}</var>
</assign>
<msg timestamp="20190306 14:27:28.852" level="INFO">${user} = //span[text()='服务管理']</msg>
<status status="PASS" starttime="20190306 14:27:28.850" endtime="20190306 14:27:28.852"></status>
</kw>
<kw name="Log" library="BuiltIn">
<doc>Logs the given message with the given level.</doc>
<arguments>
<arg>${user}</arg>
</arguments>
<msg timestamp="20190306 14:27:28.852" level="INFO">//span[text()='服务管理']</msg>
<status status="PASS" starttime="20190306 14:27:28.852" endtime="20190306 14:27:28.852"></status>
</kw>
<kw name="暂停" library="riil_common_keyword_resource">
<kw name="Sleep" library="BuiltIn">
<doc>Pauses the test executed for the given time.</doc>
<arguments>
<arg>1</arg>
</arguments>
<msg timestamp="20190306 14:27:29.855" level="INFO">Slept 1 second</msg>
<status status="PASS" starttime="20190306 14:27:28.852" endtime="20190306 14:27:29.855"></status>
</kw>
<status status="PASS" starttime="20190306 14:27:28.852" endtime="20190306 14:27:29.855"></status>
</kw>
<kw name="Scroll Element Into View" library="Selenium2Library">
<doc>Scrolls an element identified by ``locator`` into view.</doc>
<arguments>
<arg>${user}</arg>
</arguments>
<status status="PASS" starttime="20190306 14:27:29.855" endtime="20190306 14:27:29.904"></status>
</kw>
<status status="PASS" starttime="20190306 14:27:28.848" endtime="20190306 14:27:29.905"></status>
</kw>
<kw name="点击元素" library="riil_common_keyword_resource">
<arguments>
<arg>service_management</arg>
<arg>service_manager</arg>
<arg>relax</arg>
</arguments>
<kw name="Get Xpath" library="riil_helper">
<arguments>
<arg>${section}</arg>
<arg>${xpath_name}</arg>
<arg>${product}</arg>
</arguments>
<assign>
<var>${name}</var>
</assign>
<msg timestamp="20190306 14:27:29.907" level="INFO">${name} = //span[text()='服务管理']</msg>
<status status="PASS" starttime="20190306 14:27:29.905" endtime="20190306 14:27:29.907"></status>
</kw>
<kw name="Click Element" library="Selenium2Library">
<doc>Click element identified by ``locator``.</doc>
<arguments>
<arg>${name}</arg>
</arguments>
<msg timestamp="20190306 14:27:29.907" level="INFO">Clicking element '//span[text()='服务管理']'.</msg>
<status status="PASS" starttime="20190306 14:27:29.907" endtime="20190306 14:27:29.983"></status>
</kw>
<status status="PASS" starttime="20190306 14:27:29.905" endtime="20190306 14:27:29.983"></status>
</kw>
<kw name="显示出隐藏元素" library="riil_common_keyword_resource">
<arguments>
<arg>service_management</arg>
<arg>service_manager_title</arg>
<arg>relax</arg>
</arguments>
<kw name="Get Xpath" library="riil_helper">
<arguments>
<arg>${section}</arg>
<arg>${xpath_name}</arg>
<arg>${product}</arg>
</arguments>
<assign>
<var>${user}</var>
</assign>
<msg timestamp="20190306 14:27:29.986" level="INFO">${user} = //span[text()="服务旅程分类"]</msg>
<status status="PASS" starttime="20190306 14:27:29.984" endtime="20190306 14:27:29.986"></status>
</kw>
<kw name="Log" library="BuiltIn">
<doc>Logs the given message with the given level.</doc>
<arguments>
<arg>${user}</arg>
</arguments>
<msg timestamp="20190306 14:27:29.987" level="INFO">//span[text()="服务旅程分类"]</msg>
<status status="PASS" starttime="20190306 14:27:29.986" endtime="20190306 14:27:29.987"></status>
</kw>
<kw name="暂停" library="riil_common_keyword_resource">
<kw name="Sleep" library="BuiltIn">
<doc>Pauses the test executed for the given time.</doc>
<arguments>
<arg>1</arg>
</arguments>
<msg timestamp="20190306 14:27:30.988" level="INFO">Slept 1 second</msg>
<status status="PASS" starttime="20190306 14:27:29.987" endtime="20190306 14:27:30.988"></status>
</kw>
<status status="PASS" starttime="20190306 14:27:29.987" endtime="20190306 14:27:30.988"></status>
</kw>
<kw name="Scroll Element Into View" library="Selenium2Library">
<doc>Scrolls an element identified by ``locator`` into view.</doc>
<arguments>
<arg>${user}</arg>
</arguments>
<status status="PASS" starttime="20190306 14:27:30.989" endtime="20190306 14:27:31.034"></status>
</kw>
<status status="PASS" starttime="20190306 14:27:29.983" endtime="20190306 14:27:31.035"></status>
</kw>
<kw name="点击元素" library="riil_common_keyword_resource">
<arguments>
<arg>service_management</arg>
<arg>service_manager_title</arg>
<arg>relax</arg>
</arguments>
<kw name="Get Xpath" library="riil_helper">
<arguments>
<arg>${section}</arg>
<arg>${xpath_name}</arg>
<arg>${product}</arg>
</arguments>
<assign>
<var>${name}</var>
</assign>
<msg timestamp="20190306 14:27:31.036" level="INFO">${name} = //span[text()="服务旅程分类"]</msg>
<status status="PASS" starttime="20190306 14:27:31.035" endtime="20190306 14:27:31.036"></status>
</kw>
<kw name="Click Element" library="Selenium2Library">
<doc>Click element identified by ``locator``.</doc>
<arguments>
<arg>${name}</arg>
</arguments>
<msg timestamp="20190306 14:27:31.037" level="INFO">Clicking element '//span[text()="服务旅程分类"]'.</msg>
<status status="PASS" starttime="20190306 14:27:31.036" endtime="20190306 14:27:31.137"></status>
</kw>
<status status="PASS" starttime="20190306 14:27:31.035" endtime="20190306 14:27:31.137"></status>
</kw>
<status status="PASS" starttime="20190306 14:27:18.418" endtime="20190306 14:27:31.137"></status>
</kw>
<kw name="when 角色分类和所属角色必填项" library="relax_business_keyword_resource">
<kw name="角色分类和所属角色必填项第一行" library="relax_element_keyword_resource">
<kw name="Sleep" library="BuiltIn">
<doc>Pauses the test executed for the given time.</doc>
<arguments>
<arg>2</arg>
</arguments>
<msg timestamp="20190306 14:27:33.140" level="INFO">Slept 2 seconds</msg>
<status status="PASS" starttime="20190306 14:27:31.139" endtime="20190306 14:27:33.140"></status>
</kw>
<kw name="输入字符串" library="riil_common_keyword_resource">
<arguments>
<arg>service_management</arg>
<arg>input_category_name</arg>
<arg>自动化测试分类</arg>
<arg>relax</arg>
</arguments>
<kw name="Get Xpath" library="riil_helper">
<arguments>
<arg>${section}</arg>
<arg>${xpath_name}</arg>
<arg>${product}</arg>
</arguments>
<assign>
<var>${user}</var>
</assign>
<msg timestamp="20190306 14:27:33.143" level="INFO">${user} = //input[@data-frame-id="roleName"]</msg>
<status status="PASS" starttime="20190306 14:27:33.141" endtime="20190306 14:27:33.143"></status>
</kw>
<kw name="Sleep" library="BuiltIn">
<doc>Pauses the test executed for the given time.</doc>
<arguments>
<arg>2</arg>
</arguments>
<msg timestamp="20190306 14:27:35.144" level="INFO">Slept 2 seconds</msg>
<status status="PASS" starttime="20190306 14:27:33.143" endtime="20190306 14:27:35.144"></status>
</kw>
<kw name="Input Text" library="Selenium2Library">
<doc>Types the given ``text`` into text field identified by ``locator``.</doc>
<arguments>
<arg>${user}</arg>
<arg>${str_name}</arg>
</arguments>
<msg timestamp="20190306 14:27:35.144" level="INFO">Typing text '自动化测试分类' into text field '//input[@data-frame-id="roleName"]'.</msg>
<status status="PASS" starttime="20190306 14:27:35.144" endtime="20190306 14:27:35.256"></status>
</kw>
<status status="PASS" starttime="20190306 14:27:33.141" endtime="20190306 14:27:35.256"></status>
</kw>
<kw name="点击元素" library="riil_common_keyword_resource">
<arguments>
<arg>service_management</arg>
<arg>check_box_0</arg>
<arg>relax</arg>
</arguments>
<kw name="Get Xpath" library="riil_helper">
<arguments>
<arg>${section}</arg>
<arg>${xpath_name}</arg>
<arg>${product}</arg>
</arguments>
<assign>
<var>${name}</var>
</assign>
<msg timestamp="20190306 14:27:35.259" level="INFO">${name} = //input[@id="checkbox-0"]</msg>
<status status="PASS" starttime="20190306 14:27:35.257" endtime="20190306 14:27:35.259"></status>
</kw>
<kw name="Click Element" library="Selenium2Library">
<doc>Click element identified by ``locator``.</doc>
<arguments>
<arg>${name}</arg>
</arguments>
<msg timestamp="20190306 14:27:35.259" level="INFO">Clicking element '//input[@id="checkbox-0"]'.</msg>
<status status="PASS" starttime="20190306 14:27:35.259" endtime="20190306 14:27:35.358"></status>
</kw>
<status status="PASS" starttime="20190306 14:27:35.257" endtime="20190306 14:27:35.358"></status>
</kw>
<kw name="点击按钮" library="riil_common_keyword_resource">
<arguments>
<arg>service_management</arg>
<arg>save_button</arg>
<arg>relax</arg>
</arguments>
<kw name="Get Xpath" library="riil_helper">
<arguments>
<arg>${section}</arg>
<arg>${xpath_name}</arg>
<arg>${product}</arg>
</arguments>
<assign>
<var>${name}</var>
</assign>
<msg timestamp="20190306 14:27:35.359" level="INFO">${name} = //button[text()="保存"]</msg>
<status status="PASS" starttime="20190306 14:27:35.358" endtime="20190306 14:27:35.360"></status>
</kw>
<kw name="Click Button" library="Selenium2Library">
<doc>Clicks button identified by ``locator``.</doc>
<arguments>
<arg>${name}</arg>
</arguments>
<msg timestamp="20190306 14:27:35.360" level="INFO">Clicking button '//button[text()="保存"]'.</msg>
<status status="PASS" starttime="20190306 14:27:35.360" endtime="20190306 14:27:35.471"></status>
</kw>
<status status="PASS" starttime="20190306 14:27:35.358" endtime="20190306 14:27:35.471"></status>
</kw>
<kw name="校验包含字符串" library="relax_element_keyword_resource">
<arguments>
<arg>service_management</arg>
<arg>role_must_tip</arg>
<arg>请选择角色</arg>
<arg>relax</arg>
</arguments>
<kw name="Get Xpath" library="riil_helper">
<arguments>
<arg>${section}</arg>
<arg>${xpath_name}</arg>
<arg>${product}</arg>
</arguments>
<assign>
<var>${s}</var>
</assign>
<msg timestamp="20190306 14:27:35.473" level="INFO">${s} = //span[text()="请选择角色"]</msg>
<status status="PASS" starttime="20190306 14:27:35.471" endtime="20190306 14:27:35.473"></status>
</kw>
<kw name="Get Text" library="Selenium2Library">
<doc>Returns the text value of element identified by ``locator``.</doc>
<arguments>
<arg>${s}</arg>
</arguments>
<assign>
<var>${fullstr}</var>
</assign>
<msg timestamp="20190306 14:27:35.512" level="INFO">${fullstr} = 请选择角色</msg>
<status status="PASS" starttime="20190306 14:27:35.473" endtime="20190306 14:27:35.512"></status>
</kw>
<kw name="Log" library="BuiltIn">
<doc>Logs the given message with the given level.</doc>
<arguments>
<arg>${fullstr}</arg>
</arguments>
<msg timestamp="20190306 14:27:35.512" level="INFO">请选择角色</msg>
<status status="PASS" starttime="20190306 14:27:35.512" endtime="20190306 14:27:35.512"></status>
</kw>
<kw name="Should Contain" library="BuiltIn">
<doc>Fails if ``container`` does not contain ``item`` one or more times.</doc>
<arguments>
<arg>${fullstr}</arg>
<arg>${str}</arg>
</arguments>
<status status="PASS" starttime="20190306 14:27:35.513" endtime="20190306 14:27:35.513"></status>
</kw>
<status status="PASS" starttime="20190306 14:27:35.471" endtime="20190306 14:27:35.513"></status>
</kw>
<status status="PASS" starttime="20190306 14:27:31.138" endtime="20190306 14:27:35.513"></status>
</kw>
<kw name="角色分类和所属角色必填项第二行" library="relax_element_keyword_resource">
<kw name="暂停" library="riil_common_keyword_resource">
<kw name="Sleep" library="BuiltIn">
<doc>Pauses the test executed for the given time.</doc>
<arguments>
<arg>1</arg>
</arguments>
<msg timestamp="20190306 14:27:36.516" level="INFO">Slept 1 second</msg>
<status status="PASS" starttime="20190306 14:27:35.515" endtime="20190306 14:27:36.516"></status>
</kw>
<status status="PASS" starttime="20190306 14:27:35.514" endtime="20190306 14:27:36.517"></status>
</kw>
<kw name="清空输入框" library="riil_common_keyword_resource">
<arguments>
<arg>service_management</arg>
<arg>input_category_name</arg>
<arg>relax</arg>
</arguments>
<kw name="Get Xpath" library="riil_helper">
<arguments>
<arg>${section}</arg>
<arg>${xpath_name}</arg>
<arg>${product}</arg>
</arguments>
<assign>
<var>${user}</var>
</assign>
<msg timestamp="20190306 14:27:36.524" level="INFO">${user} = //input[@data-frame-id="roleName"]</msg>
<status status="PASS" starttime="20190306 14:27:36.518" endtime="20190306 14:27:36.524"></status>
</kw>
<kw name="暂停" library="riil_common_keyword_resource">
<kw name="Sleep" library="BuiltIn">
<doc>Pauses the test executed for the given time.</doc>
<arguments>
<arg>1</arg>
</arguments>
<msg timestamp="20190306 14:27:37.527" level="INFO">Slept 1 second</msg>
<status status="PASS" starttime="20190306 14:27:36.526" endtime="20190306 14:27:37.527"></status>
</kw>
<status status="PASS" starttime="20190306 14:27:36.524" endtime="20190306 14:27:37.528"></status>
</kw>
<kw name="Clear Element Text" library="Selenium2Library">
<doc>Clears the value of text entry element identified by ``locator``.</doc>
<arguments>
<arg>${user}</arg>
</arguments>
<status status="PASS" starttime="20190306 14:27:37.528" endtime="20190306 14:27:37.577"></status>
</kw>
<status status="PASS" starttime="20190306 14:27:36.517" endtime="20190306 14:27:37.577"></status>
</kw>
<kw name="暂停" library="riil_common_keyword_resource">
<kw name="Sleep" library="BuiltIn">
<doc>Pauses the test executed for the given time.</doc>
<arguments>
<arg>1</arg>
</arguments>
<msg timestamp="20190306 14:27:38.579" level="INFO">Slept 1 second</msg>
<status status="PASS" starttime="20190306 14:27:37.578" endtime="20190306 14:27:38.579"></status>
</kw>
<status status="PASS" starttime="20190306 14:27:37.577" endtime="20190306 14:27:38.579"></status>
</kw>
<kw name="输入字符串" library="riil_common_keyword_resource">
<arguments>
<arg>service_management</arg>
<arg>belong_role</arg>
<arg>值班人员</arg>
<arg>relax</arg>
</arguments>
<kw name="Get Xpath" library="riil_helper">
<arguments>
<arg>${section}</arg>
<arg>${xpath_name}</arg>
<arg>${product}</arg>
</arguments>
<assign>
<var>${user}</var>
</assign>
<msg timestamp="20190306 14:27:38.583" level="INFO">${user} = //input[@data-frame-id="blongRole"]</msg>
<status status="PASS" starttime="20190306 14:27:38.580" endtime="20190306 14:27:38.583"></status>
</kw>
<kw name="Sleep" library="BuiltIn">
<doc>Pauses the test executed for the given time.</doc>
<arguments>
<arg>2</arg>
</arguments>
<msg timestamp="20190306 14:27:40.584" level="INFO">Slept 2 seconds</msg>
<status status="PASS" starttime="20190306 14:27:38.583" endtime="20190306 14:27:40.584"></status>
</kw>
<kw name="Input Text" library="Selenium2Library">
<doc>Types the given ``text`` into text field identified by ``locator``.</doc>
<arguments>
<arg>${user}</arg>
<arg>${str_name}</arg>
</arguments>
<msg timestamp="20190306 14:27:40.585" level="INFO">Typing text '值班人员' into text field '//input[@data-frame-id="blongRole"]'.</msg>
<status status="PASS" starttime="20190306 14:27:40.585" endtime="20190306 14:27:40.752"></status>
</kw>
<status status="PASS" starttime="20190306 14:27:38.580" endtime="20190306 14:27:40.752"></status>
</kw>
<kw name="按键操作" library="riil_common_keyword_resource">
<arguments>
<arg>service_management</arg>
<arg>belong_role</arg>
<arg>\\13</arg>
<arg>relax</arg>
</arguments>
<kw name="Get Xpath" library="riil_helper">
<arguments>
<arg>${section}</arg>
<arg>${xpath_name}</arg>
<arg>${product}</arg>
</arguments>
<assign>
<var>${user}</var>
</assign>
<msg timestamp="20190306 14:27:40.755" level="INFO">${user} = //input[@data-frame-id="blongRole"]</msg>
<status status="PASS" starttime="20190306 14:27:40.753" endtime="20190306 14:27:40.755"></status>
</kw>
<kw name="暂停" library="riil_common_keyword_resource">
<kw name="Sleep" library="BuiltIn">
<doc>Pauses the test executed for the given time.</doc>
<arguments>
<arg>1</arg>
</arguments>
<msg timestamp="20190306 14:27:41.756" level="INFO">Slept 1 second</msg>
<status status="PASS" starttime="20190306 14:27:40.755" endtime="20190306 14:27:41.756"></status>
</kw>
<status status="PASS" starttime="20190306 14:27:40.755" endtime="20190306 14:27:41.757"></status>
</kw>
<kw name="Press Key" library="Selenium2Library">
<doc>Deprecated use `Press Keys` instead.</doc>
<arguments>
<arg>${user}</arg>
<arg>${key}</arg>
</arguments>
<status status="PASS" starttime="20190306 14:27:41.757" endtime="20190306 14:27:41.849"></status>
</kw>
<status status="PASS" starttime="20190306 14:27:40.752" endtime="20190306 14:27:41.849"></status>
</kw>
<kw name="点击按钮" library="riil_common_keyword_resource">
<arguments>
<arg>service_management</arg>
<arg>save_button</arg>
<arg>relax</arg>
</arguments>
<kw name="Get Xpath" library="riil_helper">
<arguments>
<arg>${section}</arg>
<arg>${xpath_name}</arg>
<arg>${product}</arg>
</arguments>
<assign>
<var>${name}</var>
</assign>
<msg timestamp="20190306 14:27:41.851" level="INFO">${name} = //button[text()="保存"]</msg>
<status status="PASS" starttime="20190306 14:27:41.850" endtime="20190306 14:27:41.851"></status>
</kw>
<kw name="Click Button" library="Selenium2Library">
<doc>Clicks button identified by ``locator``.</doc>
<arguments>
<arg>${name}</arg>
</arguments>
<msg timestamp="20190306 14:27:41.851" level="INFO">Clicking button '//button[text()="保存"]'.</msg>
<status status="PASS" starttime="20190306 14:27:41.851" endtime="20190306 14:27:41.959"></status>
</kw>
<status status="PASS" starttime="20190306 14:27:41.849" endtime="20190306 14:27:41.960"></status>
</kw>
<kw name="校验包含字符串" library="relax_element_keyword_resource">
<arguments>
<arg>service_management</arg>
<arg>category_name_tip</arg>
<arg>请输入名称</arg>
<arg>relax</arg>
</arguments>
<kw name="Get Xpath" library="riil_helper">
<arguments>
<arg>${section}</arg>
<arg>${xpath_name}</arg>
<arg>${product}</arg>
</arguments>
<assign>
<var>${s}</var>
</assign>
<msg timestamp="20190306 14:27:41.963" level="INFO">${s} = //span[text()="请输入名称"]</msg>
<status status="PASS" starttime="20190306 14:27:41.960" endtime="20190306 14:27:41.963"></status>
</kw>
<kw name="Get Text" library="Selenium2Library">
<doc>Returns the text value of element identified by ``locator``.</doc>
<arguments>
<arg>${s}</arg>
</arguments>
<assign>
<var>${fullstr}</var>
</assign>
<msg timestamp="20190306 14:27:42.000" level="INFO">${fullstr} = 请输入名称</msg>
<status status="PASS" starttime="20190306 14:27:41.963" endtime="20190306 14:27:42.000"></status>
</kw>
<kw name="Log" library="BuiltIn">
<doc>Logs the given message with the given level.</doc>
<arguments>
<arg>${fullstr}</arg>
</arguments>
<msg timestamp="20190306 14:27:42.001" level="INFO">请输入名称</msg>
<status status="PASS" starttime="20190306 14:27:42.000" endtime="20190306 14:27:42.001"></status>
</kw>
<kw name="Should Contain" library="BuiltIn">
<doc>Fails if ``container`` does not contain ``item`` one or more times.</doc>
<arguments>
<arg>${fullstr}</arg>
<arg>${str}</arg>
</arguments>
<status status="PASS" starttime="20190306 14:27:42.001" endtime="20190306 14:27:42.001"></status>
</kw>
<status status="PASS" starttime="20190306 14:27:41.960" endtime="20190306 14:27:42.001"></status>
</kw>
<status status="PASS" starttime="20190306 14:27:35.513" endtime="20190306 14:27:42.001"></status>
</kw>
<kw name="角色分类和所属角色必填项第三行" library="relax_element_keyword_resource">
<kw name="清空输入框" library="riil_common_keyword_resource">
<arguments>
<arg>service_management</arg>
<arg>input_category_name</arg>
<arg>relax</arg>
</arguments>
<kw name="Get Xpath" library="riil_helper">
<arguments>
<arg>${section}</arg>
<arg>${xpath_name}</arg>
<arg>${product}</arg>
</arguments>
<assign>
<var>${user}</var>
</assign>
<msg timestamp="20190306 14:27:42.004" level="INFO">${user} = //input[@data-frame-id="roleName"]</msg>
<status status="PASS" starttime="20190306 14:27:42.002" endtime="20190306 14:27:42.004"></status>
</kw>
<kw name="暂停" library="riil_common_keyword_resource">
<kw name="Sleep" library="BuiltIn">
<doc>Pauses the test executed for the given time.</doc>
<arguments>
<arg>1</arg>
</arguments>
<msg timestamp="20190306 14:27:43.006" level="INFO">Slept 1 second</msg>
<status status="PASS" starttime="20190306 14:27:42.005" endtime="20190306 14:27:43.006"></status>
</kw>
<status status="PASS" starttime="20190306 14:27:42.005" endtime="20190306 14:27:43.007"></status>
</kw>
<kw name="Clear Element Text" library="Selenium2Library">
<doc>Clears the value of text entry element identified by ``locator``.</doc>
<arguments>
<arg>${user}</arg>
</arguments>
<status status="PASS" starttime="20190306 14:27:43.007" endtime="20190306 14:27:43.037"></status>
</kw>
<status status="PASS" starttime="20190306 14:27:42.002" endtime="20190306 14:27:43.037"></status>
</kw>
<kw name="输入字符串" library="riil_common_keyword_resource">
<arguments>
<arg>service_management</arg>
<arg>input_category_name</arg>
<arg>12345678901234567890123456789031</arg>
<arg>relax</arg>
</arguments>
<kw name="Get Xpath" library="riil_helper">
<arguments>
<arg>${section}</arg>
<arg>${xpath_name}</arg>
<arg>${product}</arg>
</arguments>
<assign>
<var>${user}</var>
</assign>
<msg timestamp="20190306 14:27:43.042" level="INFO">${user} = //input[@data-frame-id="roleName"]</msg>
<status status="PASS" starttime="20190306 14:27:43.038" endtime="20190306 14:27:43.042"></status>
</kw>
<kw name="Sleep" library="BuiltIn">
<doc>Pauses the test executed for the given time.</doc>
<arguments>
<arg>2</arg>
</arguments>
<msg timestamp="20190306 14:27:45.044" level="INFO">Slept 2 seconds</msg>
<status status="PASS" starttime="20190306 14:27:43.042" endtime="20190306 14:27:45.045"></status>
</kw>
<kw name="Input Text" library="Selenium2Library">
<doc>Types the given ``text`` into text field identified by ``locator``.</doc>
<arguments>
<arg>${user}</arg>
<arg>${str_name}</arg>
</arguments>
<msg timestamp="20190306 14:27:45.096" level="INFO">Typing text '12345678901234567890123456789031' into text field '//input[@data-frame-id="roleName"]'.</msg>
<status status="PASS" starttime="20190306 14:27:45.046" endtime="20190306 14:27:45.356"></status>
</kw>
<status status="PASS" starttime="20190306 14:27:43.038" endtime="20190306 14:27:45.356"></status>
</kw>
<kw name="点击按钮" library="riil_common_keyword_resource">
<arguments>
<arg>service_management</arg>
<arg>save_button</arg>
<arg>relax</arg>
</arguments>
<kw name="Get Xpath" library="riil_helper">
<arguments>
<arg>${section}</arg>
<arg>${xpath_name}</arg>
<arg>${product}</arg>
</arguments>
<assign>
<var>${name}</var>
</assign>
<msg timestamp="20190306 14:27:45.360" level="INFO">${name} = //button[text()="保存"]</msg>
<status status="PASS" starttime="20190306 14:27:45.357" endtime="20190306 14:27:45.360"></status>
</kw>
<kw name="Click Button" library="Selenium2Library">
<doc>Clicks button identified by ``locator``.</doc>
<arguments>
<arg>${name}</arg>
</arguments>
<msg timestamp="20190306 14:27:45.360" level="INFO">Clicking button '//button[text()="保存"]'.</msg>
<status status="PASS" starttime="20190306 14:27:45.360" endtime="20190306 14:27:45.438"></status>
</kw>
<status status="PASS" starttime="20190306 14:27:45.357" endtime="20190306 14:27:45.438"></status>
</kw>
<kw name="校验包含字符串" library="relax_element_keyword_resource">
<arguments>
<arg>service_management</arg>
<arg>category_name_tip_30</arg>
<arg>最多可以输入 30 个字符</arg>
<arg>relax</arg>
</arguments>
<kw name="Get Xpath" library="riil_helper">
<arguments>
<arg>${section}</arg>
<arg>${xpath_name}</arg>
<arg>${product}</arg>
</arguments>
<assign>
<var>${s}</var>
</assign>
<msg timestamp="20190306 14:27:45.441" level="INFO">${s} = //span[text()="最多可以输入 30 个字符"]</msg>
<status status="PASS" starttime="20190306 14:27:45.438" endtime="20190306 14:27:45.441"></status>
</kw>
<kw name="Get Text" library="Selenium2Library">
<doc>Returns the text value of element identified by ``locator``.</doc>
<arguments>
<arg>${s}</arg>
</arguments>
<assign>
<var>${fullstr}</var>
</assign>
<msg timestamp="20190306 14:27:45.472" level="INFO">${fullstr} = 最多可以输入 30 个字符</msg>
<status status="PASS" starttime="20190306 14:27:45.441" endtime="20190306 14:27:45.472"></status>
</kw>
<kw name="Log" library="BuiltIn">
<doc>Logs the given message with the given level.</doc>
<arguments>
<arg>${fullstr}</arg>
</arguments>
<msg timestamp="20190306 14:27:45.472" level="INFO">最多可以输入 30 个字符</msg>
<status status="PASS" starttime="20190306 14:27:45.472" endtime="20190306 14:27:45.472"></status>
</kw>
<kw name="Should Contain" library="BuiltIn">
<doc>Fails if ``container`` does not contain ``item`` one or more times.</doc>
<arguments>
<arg>${fullstr}</arg>
<arg>${str}</arg>
</arguments>
<status status="PASS" starttime="20190306 14:27:45.473" endtime="20190306 14:27:45.473"></status>
</kw>
<status status="PASS" starttime="20190306 14:27:45.438" endtime="20190306 14:27:45.473"></status>
</kw>
<status status="PASS" starttime="20190306 14:27:42.001" endtime="20190306 14:27:45.473"></status>
</kw>
<kw name="角色分类和所属角色必填项第四行" library="relax_element_keyword_resource">
<kw name="清空输入框" library="riil_common_keyword_resource">
<arguments>
<arg>service_management</arg>
<arg>input_category_name</arg>
<arg>relax</arg>
</arguments>
<kw name="Get Xpath" library="riil_helper">
<arguments>
<arg>${section}</arg>
<arg>${xpath_name}</arg>
<arg>${product}</arg>
</arguments>
<assign>
<var>${user}</var>
</assign>
<msg timestamp="20190306 14:27:45.476" level="INFO">${user} = //input[@data-frame-id="roleName"]</msg>
<status status="PASS" starttime="20190306 14:27:45.474" endtime="20190306 14:27:45.476"></status>
</kw>
<kw name="暂停" library="riil_common_keyword_resource">
<kw name="Sleep" library="BuiltIn">
<doc>Pauses the test executed for the given time.</doc>
<arguments>
<arg>1</arg>
</arguments>
<msg timestamp="20190306 14:27:46.479" level="INFO">Slept 1 second</msg>
<status status="PASS" starttime="20190306 14:27:45.477" endtime="20190306 14:27:46.479"></status>
</kw>
<status status="PASS" starttime="20190306 14:27:45.476" endtime="20190306 14:27:46.480"></status>
</kw>
<kw name="Clear Element Text" library="Selenium2Library">
<doc>Clears the value of text entry element identified by ``locator``.</doc>
<arguments>
<arg>${user}</arg>
</arguments>
<status status="PASS" starttime="20190306 14:27:46.480" endtime="20190306 14:27:46.594"></status>
</kw>
<status status="PASS" starttime="20190306 14:27:45.473" endtime="20190306 14:27:46.594"></status>
</kw>
<kw name="输入字符串" library="riil_common_keyword_resource">
<arguments>
<arg>service_management</arg>
<arg>input_category_name</arg>
<arg>自动化测试</arg>
<arg>relax</arg>
</arguments>
<kw name="Get Xpath" library="riil_helper">
<arguments>
<arg>${section}</arg>
<arg>${xpath_name}</arg>
<arg>${product}</arg>
</arguments>
<assign>
<var>${user}</var>
</assign>
<msg timestamp="20190306 14:27:46.602" level="INFO">${user} = //input[@data-frame-id="roleName"]</msg>
<status status="PASS" starttime="20190306 14:27:46.596" endtime="20190306 14:27:46.602"></status>
</kw>
<kw name="Sleep" library="BuiltIn">
<doc>Pauses the test executed for the given time.</doc>
<arguments>
<arg>2</arg>
</arguments>
<msg timestamp="20190306 14:27:48.605" level="INFO">Slept 2 seconds</msg>
<status status="PASS" starttime="20190306 14:27:46.603" endtime="20190306 14:27:48.605"></status>
</kw>
<kw name="Input Text" library="Selenium2Library">
<doc>Types the given ``text`` into text field identified by ``locator``.</doc>
<arguments>
<arg>${user}</arg>
<arg>${str_name}</arg>
</arguments>
<msg timestamp="20190306 14:27:48.606" level="INFO">Typing text '自动化测试' into text field '//input[@data-frame-id="roleName"]'.</msg>
<status status="PASS" starttime="20190306 14:27:48.605" endtime="20190306 14:27:48.683"></status>
</kw>
<status status="PASS" starttime="20190306 14:27:46.595" endtime="20190306 14:27:48.683"></status>
</kw>
<kw name="点击按钮" library="riil_common_keyword_resource">
<arguments>
<arg>service_management</arg>
<arg>save_button</arg>
<arg>relax</arg>
</arguments>
<kw name="Get Xpath" library="riil_helper">
<arguments>
<arg>${section}</arg>
<arg>${xpath_name}</arg>
<arg>${product}</arg>
</arguments>
<assign>
<var>${name}</var>
</assign>
<msg timestamp="20190306 14:27:48.685" level="INFO">${name} = //button[text()="保存"]</msg>
<status status="PASS" starttime="20190306 14:27:48.683" endtime="20190306 14:27:48.685"></status>
</kw>
<kw name="Click Button" library="Selenium2Library">
<doc>Clicks button identified by ``locator``.</doc>
<arguments>
<arg>${name}</arg>
</arguments>
<msg timestamp="20190306 14:27:48.685" level="INFO">Clicking button '//button[text()="保存"]'.</msg>
<status status="PASS" starttime="20190306 14:27:48.685" endtime="20190306 14:27:48.779"></status>
</kw>
<status status="PASS" starttime="20190306 14:27:48.683" endtime="20190306 14:27:48.779"></status>
</kw>
<kw name="Should Contain" library="BuiltIn">
<doc>Fails if ``container`` does not contain ``item`` one or more times.</doc>
<arguments>
<arg>//a[text()='自动化测试']</arg>
<arg>自动化测试</arg>
<arg>relax</arg>
</arguments>
<status status="PASS" starttime="20190306 14:27:48.779" endtime="20190306 14:27:48.780"></status>
</kw>
<status status="PASS" starttime="20190306 14:27:45.473" endtime="20190306 14:27:48.780"></status>
</kw>
<status status="PASS" starttime="20190306 14:27:31.138" endtime="20190306 14:27:48.780"></status>
</kw>
<status status="PASS" starttime="20190306 14:27:14.270" endtime="20190306 14:27:48.780" critical="yes"></status>
</test>
<status status="PASS" starttime="20190306 14:27:13.720" endtime="20190306 14:27:48.782"></status>
</suite>
<statistics>
<total>
<stat pass="1" fail="0">Critical Tests</stat>
<stat pass="1" fail="0">All Tests</stat>
</total>
<tag>
</tag>
<suite>
<stat pass="1" fail="0" id="s1" name="新建一级校园旅程">新建一级校园旅程</stat>
</suite>
</statistics>
<errors>
</errors>
</robot>
