<?xml version="1.0" encoding="UTF-8"?>
<robot generator="Robot 3.1.1 (Python 3.7.2 on win32)" generated="20190305 15:10:15.552" rpa="false">
<suite id="s1" name="文本超长省略 但鼠标移动上去可以在Title显示完整内容 374824" source="D:\robotframework-master\RIIL_automation_testing_base_on_robot_framework-dev\testcases\relax\温大实验局\办事大厅首页\校园旅程用户界面\文本超长省略_但鼠标移动上去可以在title显示完整内容_374824.robot">
<test id="s1-t1" name="文本超长省略_但鼠标移动上去可以在title显示完整内容_374824">
<kw name="打开浏览器" library="relax_element_keyword_resource" type="setup">
<kw name="Get Xpath" library="riil_helper">
<arguments>
<arg>login_page</arg>
<arg>relax</arg>
<arg>relax</arg>
</arguments>
<assign>
<var>${url}</var>
</assign>
<msg timestamp="20190305 15:10:16.116" level="INFO">${url} = http://172.17.189.63:9090/relax</msg>
<status status="PASS" starttime="20190305 15:10:16.113" endtime="20190305 15:10:16.116"></status>
</kw>
<kw name="Log" library="BuiltIn">
<doc>Logs the given message with the given level.</doc>
<arguments>
<arg>${url}</arg>
</arguments>
<msg timestamp="20190305 15:10:16.116" level="INFO">http://172.17.189.63:9090/relax</msg>
<status status="PASS" starttime="20190305 15:10:16.116" endtime="20190305 15:10:16.116"></status>
</kw>
<kw name="Open Browser" library="Selenium2Library">
<doc>Opens a new browser instance to the given ``url``.</doc>
<arguments>
<arg>${url}</arg>
<arg>chrome</arg>
</arguments>
<msg timestamp="20190305 15:10:16.116" level="INFO">Opening browser 'chrome' to base url 'http://172.17.189.63:9090/relax'.</msg>
<status status="PASS" starttime="20190305 15:10:16.116" endtime="20190305 15:10:18.688"></status>
</kw>
<kw name="Maximize Browser Window" library="Selenium2Library">
<doc>Maximizes current browser window.</doc>
<status status="PASS" starttime="20190305 15:10:18.688" endtime="20190305 15:10:19.805"></status>
</kw>
<status status="PASS" starttime="20190305 15:10:16.113" endtime="20190305 15:10:19.805"></status>
</kw>
<kw name="given 进入校园旅程后台配置页面" library="relax_business_keyword_resource">
<kw name="进入校园旅程新建页面" library="relax_business_keyword_resource">
<kw name="登录Relax" library="relax_business_keyword_resource">
<arguments>
<arg>admin</arg>
<arg>admin</arg>
</arguments>
<kw name="暂停" library="riil_common_keyword_resource">
<kw name="Sleep" library="BuiltIn">
<doc>Pauses the test executed for the given time.</doc>
<arguments>
<arg>1</arg>
</arguments>
<msg timestamp="20190305 15:10:20.807" level="INFO">Slept 1 second</msg>
<status status="PASS" starttime="20190305 15:10:19.807" endtime="20190305 15:10:20.807"></status>
</kw>
<status status="PASS" starttime="20190305 15:10:19.807" endtime="20190305 15:10:20.808"></status>
</kw>
<kw name="登录名称" library="relax_element_keyword_resource">
<arguments>
<arg>${username}</arg>
</arguments>
<kw name="输入字符串" library="riil_common_keyword_resource">
<arguments>
<arg>login_page</arg>
<arg>username</arg>
<arg>${str_name}</arg>
<arg>relax</arg>
</arguments>
<kw name="Get Xpath" library="riil_helper">
<arguments>
<arg>${section}</arg>
<arg>${xpath_name}</arg>
<arg>${product}</arg>
</arguments>
<assign>
<var>${user}</var>
</assign>
<msg timestamp="20190305 15:10:20.812" level="INFO">${user} = //*[@name="username"]</msg>
<status status="PASS" starttime="20190305 15:10:20.810" endtime="20190305 15:10:20.812"></status>
</kw>
<kw name="Sleep" library="BuiltIn">
<doc>Pauses the test executed for the given time.</doc>
<arguments>
<arg>2</arg>
</arguments>
<msg timestamp="20190305 15:10:22.814" level="INFO">Slept 2 seconds</msg>
<status status="PASS" starttime="20190305 15:10:20.812" endtime="20190305 15:10:22.814"></status>
</kw>
<kw name="Input Text" library="Selenium2Library">
<doc>Types the given ``text`` into text field identified by ``locator``.</doc>
<arguments>
<arg>${user}</arg>
<arg>${str_name}</arg>
</arguments>
<msg timestamp="20190305 15:10:22.814" level="INFO">Typing text 'admin' into text field '//*[@name="username"]'.</msg>
<status status="PASS" starttime="20190305 15:10:22.814" endtime="20190305 15:10:22.888"></status>
</kw>
<status status="PASS" starttime="20190305 15:10:20.810" endtime="20190305 15:10:22.889"></status>
</kw>
<status status="PASS" starttime="20190305 15:10:20.808" endtime="20190305 15:10:22.889"></status>
</kw>
<kw name="登录密码" library="relax_element_keyword_resource">
<arguments>
<arg>${password}</arg>
</arguments>
<kw name="输入字符串" library="riil_common_keyword_resource">
<arguments>
<arg>login_page</arg>
<arg>password</arg>
<arg>${str_name}</arg>
<arg>relax</arg>
</arguments>
<kw name="Get Xpath" library="riil_helper">
<arguments>
<arg>${section}</arg>
<arg>${xpath_name}</arg>
<arg>${product}</arg>
</arguments>
<assign>
<var>${user}</var>
</assign>
<msg timestamp="20190305 15:10:22.891" level="INFO">${user} = //input[@placeholder='密码']</msg>
<status status="PASS" starttime="20190305 15:10:22.889" endtime="20190305 15:10:22.891"></status>
</kw>
<kw name="Sleep" library="BuiltIn">
<doc>Pauses the test executed for the given time.</doc>
<arguments>
<arg>2</arg>
</arguments>
<msg timestamp="20190305 15:10:24.892" level="INFO">Slept 2 seconds</msg>
<status status="PASS" starttime="20190305 15:10:22.891" endtime="20190305 15:10:24.892"></status>
</kw>
<kw name="Input Text" library="Selenium2Library">
<doc>Types the given ``text`` into text field identified by ``locator``.</doc>
<arguments>
<arg>${user}</arg>
<arg>${str_name}</arg>
</arguments>
<msg timestamp="20190305 15:10:24.893" level="INFO">Typing text 'admin' into text field '//input[@placeholder='密码']'.</msg>
<status status="PASS" starttime="20190305 15:10:24.893" endtime="20190305 15:10:24.966"></status>
</kw>
<status status="PASS" starttime="20190305 15:10:22.889" endtime="20190305 15:10:24.966"></status>
</kw>
<status status="PASS" starttime="20190305 15:10:22.889" endtime="20190305 15:10:24.967"></status>
</kw>
<kw name="登录" library="relax_element_keyword_resource">
<kw name="点击按钮" library="riil_common_keyword_resource">
<arguments>
<arg>login_page</arg>
<arg>login_button1</arg>
<arg>relax</arg>
</arguments>
<kw name="Get Xpath" library="riil_helper">
<arguments>
<arg>${section}</arg>
<arg>${xpath_name}</arg>
<arg>${product}</arg>
</arguments>
<assign>
<var>${name}</var>
</assign>
<msg timestamp="20190305 15:10:24.969" level="INFO">${name} = //*[@class="btn btn-block btn-primary"]</msg>
<status status="PASS" starttime="20190305 15:10:24.967" endtime="20190305 15:10:24.969"></status>
</kw>
<kw name="Click Button" library="Selenium2Library">
<doc>Clicks button identified by ``locator``.</doc>
<arguments>
<arg>${name}</arg>
</arguments>
<msg timestamp="20190305 15:10:24.969" level="INFO">Clicking button '//*[@class="btn btn-block btn-primary"]'.</msg>
<status status="PASS" starttime="20190305 15:10:24.969" endtime="20190305 15:10:25.031"></status>
</kw>
<status status="PASS" starttime="20190305 15:10:24.967" endtime="20190305 15:10:25.031"></status>
</kw>
<status status="PASS" starttime="20190305 15:10:24.967" endtime="20190305 15:10:25.031"></status>
</kw>
<kw name="等待 5s" library="riil_common_keyword_resource">
<kw name="Sleep" library="BuiltIn">
<doc>Pauses the test executed for the given time.</doc>
<arguments>
<arg>5</arg>
</arguments>
<msg timestamp="20190305 15:10:30.032" level="INFO">Slept 5 seconds</msg>
<status status="PASS" starttime="20190305 15:10:25.032" endtime="20190305 15:10:30.032"></status>
</kw>
<status status="PASS" starttime="20190305 15:10:25.031" endtime="20190305 15:10:30.032"></status>
</kw>
<kw name="登录成功验证" library="relax_element_keyword_resource">
<arguments>
<arg>工作台</arg>
</arguments>
<kw name="校验包含字符串" library="relax_element_keyword_resource">
<arguments>
<arg>login_page</arg>
<arg>workspace</arg>
<arg>${str_name}</arg>
<arg>relax</arg>
</arguments>
<kw name="Get Xpath" library="riil_helper">
<arguments>
<arg>${section}</arg>
<arg>${xpath_name}</arg>
<arg>${product}</arg>
</arguments>
<assign>
<var>${s}</var>
</assign>
<msg timestamp="20190305 15:10:30.034" level="INFO">${s} = //a[@data-frame-id='workTab']</msg>
<status status="PASS" starttime="20190305 15:10:30.033" endtime="20190305 15:10:30.034"></status>
</kw>
<kw name="Get Text" library="Selenium2Library">
<doc>Returns the text value of element identified by ``locator``.</doc>
<arguments>
<arg>${s}</arg>
</arguments>
<assign>
<var>${fullstr}</var>
</assign>
<msg timestamp="20190305 15:10:30.062" level="INFO">${fullstr} = 工作台</msg>
<status status="PASS" starttime="20190305 15:10:30.034" endtime="20190305 15:10:30.062"></status>
</kw>
<kw name="Log" library="BuiltIn">
<doc>Logs the given message with the given level.</doc>
<arguments>
<arg>${fullstr}</arg>
</arguments>
<msg timestamp="20190305 15:10:30.063" level="INFO">工作台</msg>
<status status="PASS" starttime="20190305 15:10:30.062" endtime="20190305 15:10:30.063"></status>
</kw>
<kw name="Should Contain" library="BuiltIn">
<doc>Fails if ``container`` does not contain ``item`` one or more times.</doc>
<arguments>
<arg>${fullstr}</arg>
<arg>${str}</arg>
</arguments>
<status status="PASS" starttime="20190305 15:10:30.063" endtime="20190305 15:10:30.063"></status>
</kw>
<status status="PASS" starttime="20190305 15:10:30.032" endtime="20190305 15:10:30.063"></status>
</kw>
<status status="PASS" starttime="20190305 15:10:30.032" endtime="20190305 15:10:30.063"></status>
</kw>
<status status="PASS" starttime="20190305 15:10:19.806" endtime="20190305 15:10:30.063"></status>
</kw>
<kw name="点击右展按钮" library="relax_element_keyword_resource">
<kw name="Click Element" library="Selenium2Library">
<doc>Click element identified by ``locator``.</doc>
<arguments>
<arg>class=arrow-right</arg>
</arguments>
<msg timestamp="20190305 15:10:30.063" level="INFO">Clicking element 'class=arrow-right'.</msg>
<status status="PASS" starttime="20190305 15:10:30.063" endtime="20190305 15:10:30.145"></status>
</kw>
<status status="PASS" starttime="20190305 15:10:30.063" endtime="20190305 15:10:30.145"></status>
</kw>
<kw name="显示出隐藏元素" library="riil_common_keyword_resource">
<arguments>
<arg>service_management</arg>
<arg>service_manager</arg>
<arg>relax</arg>
</arguments>
<kw name="Get Xpath" library="riil_helper">
<arguments>
<arg>${section}</arg>
<arg>${xpath_name}</arg>
<arg>${product}</arg>
</arguments>
<assign>
<var>${user}</var>
</assign>
<msg timestamp="20190305 15:10:30.148" level="INFO">${user} = //span[text()='服务管理']</msg>
<status status="PASS" starttime="20190305 15:10:30.146" endtime="20190305 15:10:30.148"></status>
</kw>
<kw name="Log" library="BuiltIn">
<doc>Logs the given message with the given level.</doc>
<arguments>
<arg>${user}</arg>
</arguments>
<msg timestamp="20190305 15:10:30.149" level="INFO">//span[text()='服务管理']</msg>
<status status="PASS" starttime="20190305 15:10:30.148" endtime="20190305 15:10:30.149"></status>
</kw>
<kw name="暂停" library="riil_common_keyword_resource">
<kw name="Sleep" library="BuiltIn">
<doc>Pauses the test executed for the given time.</doc>
<arguments>
<arg>1</arg>
</arguments>
<msg timestamp="20190305 15:10:31.152" level="INFO">Slept 1 second</msg>
<status status="PASS" starttime="20190305 15:10:30.150" endtime="20190305 15:10:31.152"></status>
</kw>
<status status="PASS" starttime="20190305 15:10:30.149" endtime="20190305 15:10:31.152"></status>
</kw>
<kw name="Scroll Element Into View" library="Selenium2Library">
<doc>Scrolls an element identified by ``locator`` into view.</doc>
<arguments>
<arg>${user}</arg>
</arguments>
<status status="PASS" starttime="20190305 15:10:31.152" endtime="20190305 15:10:31.191"></status>
</kw>
<status status="PASS" starttime="20190305 15:10:30.145" endtime="20190305 15:10:31.191"></status>
</kw>
<kw name="点击元素" library="riil_common_keyword_resource">
<arguments>
<arg>service_management</arg>
<arg>service_manager</arg>
<arg>relax</arg>
</arguments>
<kw name="Get Xpath" library="riil_helper">
<arguments>
<arg>${section}</arg>
<arg>${xpath_name}</arg>
<arg>${product}</arg>
</arguments>
<assign>
<var>${name}</var>
</assign>
<msg timestamp="20190305 15:10:31.193" level="INFO">${name} = //span[text()='服务管理']</msg>
<status status="PASS" starttime="20190305 15:10:31.192" endtime="20190305 15:10:31.193"></status>
</kw>
<kw name="Click Element" library="Selenium2Library">
<doc>Click element identified by ``locator``.</doc>
<arguments>
<arg>${name}</arg>
</arguments>
<msg timestamp="20190305 15:10:31.194" level="INFO">Clicking element '//span[text()='服务管理']'.</msg>
<status status="PASS" starttime="20190305 15:10:31.193" endtime="20190305 15:10:31.259"></status>
</kw>
<status status="PASS" starttime="20190305 15:10:31.191" endtime="20190305 15:10:31.259"></status>
</kw>
<kw name="显示出隐藏元素" library="riil_common_keyword_resource">
<arguments>
<arg>service_management</arg>
<arg>service_manager_title</arg>
<arg>relax</arg>
</arguments>
<kw name="Get Xpath" library="riil_helper">
<arguments>
<arg>${section}</arg>
<arg>${xpath_name}</arg>
<arg>${product}</arg>
</arguments>
<assign>
<var>${user}</var>
</assign>
<msg timestamp="20190305 15:10:31.262" level="INFO">${user} = //span[text()="服务旅程分类"]</msg>
<status status="PASS" starttime="20190305 15:10:31.260" endtime="20190305 15:10:31.262"></status>
</kw>
<kw name="Log" library="BuiltIn">
<doc>Logs the given message with the given level.</doc>
<arguments>
<arg>${user}</arg>
</arguments>
<msg timestamp="20190305 15:10:31.262" level="INFO">//span[text()="服务旅程分类"]</msg>
<status status="PASS" starttime="20190305 15:10:31.262" endtime="20190305 15:10:31.262"></status>
</kw>
<kw name="暂停" library="riil_common_keyword_resource">
<kw name="Sleep" library="BuiltIn">
<doc>Pauses the test executed for the given time.</doc>
<arguments>
<arg>1</arg>
</arguments>
<msg timestamp="20190305 15:10:32.264" level="INFO">Slept 1 second</msg>
<status status="PASS" starttime="20190305 15:10:31.262" endtime="20190305 15:10:32.264"></status>
</kw>
<status status="PASS" starttime="20190305 15:10:31.262" endtime="20190305 15:10:32.264"></status>
</kw>
<kw name="Scroll Element Into View" library="Selenium2Library">
<doc>Scrolls an element identified by ``locator`` into view.</doc>
<arguments>
<arg>${user}</arg>
</arguments>
<status status="PASS" starttime="20190305 15:10:32.264" endtime="20190305 15:10:32.308"></status>
</kw>
<status status="PASS" starttime="20190305 15:10:31.259" endtime="20190305 15:10:32.309"></status>
</kw>
<kw name="点击元素" library="riil_common_keyword_resource">
<arguments>
<arg>service_management</arg>
<arg>service_manager_title</arg>
<arg>relax</arg>
</arguments>
<kw name="Get Xpath" library="riil_helper">
<arguments>
<arg>${section}</arg>
<arg>${xpath_name}</arg>
<arg>${product}</arg>
</arguments>
<assign>
<var>${name}</var>
</assign>
<msg timestamp="20190305 15:10:32.315" level="INFO">${name} = //span[text()="服务旅程分类"]</msg>
<status status="PASS" starttime="20190305 15:10:32.310" endtime="20190305 15:10:32.315"></status>
</kw>
<kw name="Click Element" library="Selenium2Library">
<doc>Click element identified by ``locator``.</doc>
<arguments>
<arg>${name}</arg>
</arguments>
<msg timestamp="20190305 15:10:32.315" level="INFO">Clicking element '//span[text()="服务旅程分类"]'.</msg>
<status status="PASS" starttime="20190305 15:10:32.315" endtime="20190305 15:10:32.387"></status>
</kw>
<status status="PASS" starttime="20190305 15:10:32.309" endtime="20190305 15:10:32.387"></status>
</kw>
<status status="PASS" starttime="20190305 15:10:19.806" endtime="20190305 15:10:32.387"></status>
</kw>
<status status="PASS" starttime="20190305 15:10:19.806" endtime="20190305 15:10:32.387"></status>
</kw>
<kw name="and 新建名字超长的二级旅程" library="relax_business_keyword_resource">
<kw name="新建一级关联学生" library="relax_element_keyword_resource">
<kw name="输入字符串" library="riil_common_keyword_resource">
<arguments>
<arg>service_management</arg>
<arg>input_category_name</arg>
<arg>自动化测试学生分类一级</arg>
<arg>relax</arg>
</arguments>
<kw name="Get Xpath" library="riil_helper">
<arguments>
<arg>${section}</arg>
<arg>${xpath_name}</arg>
<arg>${product}</arg>
</arguments>
<assign>
<var>${user}</var>
</assign>
<msg timestamp="20190305 15:10:32.392" level="INFO">${user} = //input[@data-frame-id="roleName"]</msg>
<status status="PASS" starttime="20190305 15:10:32.389" endtime="20190305 15:10:32.393"></status>
</kw>
<kw name="Sleep" library="BuiltIn">
<doc>Pauses the test executed for the given time.</doc>
<arguments>
<arg>2</arg>
</arguments>
<msg timestamp="20190305 15:10:34.395" level="INFO">Slept 2 seconds</msg>
<status status="PASS" starttime="20190305 15:10:32.393" endtime="20190305 15:10:34.395"></status>
</kw>
<kw name="Input Text" library="Selenium2Library">
<doc>Types the given ``text`` into text field identified by ``locator``.</doc>
<arguments>
<arg>${user}</arg>
<arg>${str_name}</arg>
</arguments>
<msg timestamp="20190305 15:10:34.395" level="INFO">Typing text '自动化测试学生分类一级' into text field '//input[@data-frame-id="roleName"]'.</msg>
<status status="PASS" starttime="20190305 15:10:34.395" endtime="20190305 15:10:34.499"></status>
</kw>
<status status="PASS" starttime="20190305 15:10:32.389" endtime="20190305 15:10:34.500"></status>
</kw>
<kw name="点击元素" library="riil_common_keyword_resource">
<arguments>
<arg>service_management</arg>
<arg>check_box_0</arg>
<arg>relax</arg>
</arguments>
<kw name="Get Xpath" library="riil_helper">
<arguments>
<arg>${section}</arg>
<arg>${xpath_name}</arg>
<arg>${product}</arg>
</arguments>
<assign>
<var>${name}</var>
</assign>
<msg timestamp="20190305 15:10:34.501" level="INFO">${name} = //input[@id="checkbox-0"]</msg>
<status status="PASS" starttime="20190305 15:10:34.500" endtime="20190305 15:10:34.501"></status>
</kw>
<kw name="Click Element" library="Selenium2Library">
<doc>Click element identified by ``locator``.</doc>
<arguments>
<arg>${name}</arg>
</arguments>
<msg timestamp="20190305 15:10:34.502" level="INFO">Clicking element '//input[@id="checkbox-0"]'.</msg>
<status status="PASS" starttime="20190305 15:10:34.501" endtime="20190305 15:10:34.576"></status>
</kw>
<status status="PASS" starttime="20190305 15:10:34.500" endtime="20190305 15:10:34.576"></status>
</kw>
<kw name="Sleep" library="BuiltIn">
<doc>Pauses the test executed for the given time.</doc>
<arguments>
<arg>2</arg>
</arguments>
<msg timestamp="20190305 15:10:36.577" level="INFO">Slept 2 seconds</msg>
<status status="PASS" starttime="20190305 15:10:34.576" endtime="20190305 15:10:36.577"></status>
</kw>
<kw name="输入字符串" library="riil_common_keyword_resource">
<arguments>
<arg>service_management</arg>
<arg>belong_role</arg>
<arg>学生</arg>
<arg>relax</arg>
</arguments>
<kw name="Get Xpath" library="riil_helper">
<arguments>
<arg>${section}</arg>
<arg>${xpath_name}</arg>
<arg>${product}</arg>
</arguments>
<assign>
<var>${user}</var>
</assign>
<msg timestamp="20190305 15:10:36.579" level="INFO">${user} = //input[@data-frame-id="blongRole"]</msg>
<status status="PASS" starttime="20190305 15:10:36.577" endtime="20190305 15:10:36.579"></status>
</kw>
<kw name="Sleep" library="BuiltIn">
<doc>Pauses the test executed for the given time.</doc>
<arguments>
<arg>2</arg>
</arguments>
<msg timestamp="20190305 15:10:38.580" level="INFO">Slept 2 seconds</msg>
<status status="PASS" starttime="20190305 15:10:36.579" endtime="20190305 15:10:38.580"></status>
</kw>
<kw name="Input Text" library="Selenium2Library">
<doc>Types the given ``text`` into text field identified by ``locator``.</doc>
<arguments>
<arg>${user}</arg>
<arg>${str_name}</arg>
</arguments>
<msg timestamp="20190305 15:10:38.581" level="INFO">Typing text '学生' into text field '//input[@data-frame-id="blongRole"]'.</msg>
<status status="PASS" starttime="20190305 15:10:38.581" endtime="20190305 15:10:38.701"></status>
</kw>
<status status="PASS" starttime="20190305 15:10:36.577" endtime="20190305 15:10:38.701"></status>
</kw>
<kw name="按键操作" library="riil_common_keyword_resource">
<arguments>
<arg>service_management</arg>
<arg>belong_role</arg>
<arg>\\13</arg>
<arg>relax</arg>
</arguments>
<kw name="Get Xpath" library="riil_helper">
<arguments>
<arg>${section}</arg>
<arg>${xpath_name}</arg>
<arg>${product}</arg>
</arguments>
<assign>
<var>${user}</var>
</assign>
<msg timestamp="20190305 15:10:38.703" level="INFO">${user} = //input[@data-frame-id="blongRole"]</msg>
<status status="PASS" starttime="20190305 15:10:38.702" endtime="20190305 15:10:38.703"></status>
</kw>
<kw name="暂停" library="riil_common_keyword_resource">
<kw name="Sleep" library="BuiltIn">
<doc>Pauses the test executed for the given time.</doc>
<arguments>
<arg>1</arg>
</arguments>
<msg timestamp="20190305 15:10:39.705" level="INFO">Slept 1 second</msg>
<status status="PASS" starttime="20190305 15:10:38.704" endtime="20190305 15:10:39.705"></status>
</kw>
<status status="PASS" starttime="20190305 15:10:38.703" endtime="20190305 15:10:39.705"></status>
</kw>
<kw name="Press Key" library="Selenium2Library">
<doc>Deprecated use `Press Keys` instead.</doc>
<arguments>
<arg>${user}</arg>
<arg>${key}</arg>
</arguments>
<status status="PASS" starttime="20190305 15:10:39.705" endtime="20190305 15:10:39.742"></status>
</kw>
<status status="PASS" starttime="20190305 15:10:38.701" endtime="20190305 15:10:39.742"></status>
</kw>
<kw name="点击按钮" library="riil_common_keyword_resource">
<arguments>
<arg>service_management</arg>
<arg>save_button</arg>
<arg>relax</arg>
</arguments>
<kw name="Get Xpath" library="riil_helper">
<arguments>
<arg>${section}</arg>
<arg>${xpath_name}</arg>
<arg>${product}</arg>
</arguments>
<assign>
<var>${name}</var>
</assign>
<msg timestamp="20190305 15:10:39.744" level="INFO">${name} = //button[text()="保存"]</msg>
<status status="PASS" starttime="20190305 15:10:39.743" endtime="20190305 15:10:39.744"></status>
</kw>
<kw name="Click Button" library="Selenium2Library">
<doc>Clicks button identified by ``locator``.</doc>
<arguments>
<arg>${name}</arg>
</arguments>
<msg timestamp="20190305 15:10:39.744" level="INFO">Clicking button '//button[text()="保存"]'.</msg>
<status status="PASS" starttime="20190305 15:10:39.744" endtime="20190305 15:10:39.831"></status>
</kw>
<status status="PASS" starttime="20190305 15:10:39.742" endtime="20190305 15:10:39.831"></status>
</kw>
<status status="PASS" starttime="20190305 15:10:32.388" endtime="20190305 15:10:39.831"></status>
</kw>
<kw name="显示出隐藏元素" library="riil_common_keyword_resource">
<arguments>
<arg>service_management</arg>
<arg>move_mouse</arg>
<arg>relax</arg>
</arguments>
<kw name="Get Xpath" library="riil_helper">
<arguments>
<arg>${section}</arg>
<arg>${xpath_name}</arg>
<arg>${product}</arg>
</arguments>
<assign>
<var>${user}</var>
</assign>
<msg timestamp="20190305 15:10:39.834" level="INFO">${user} = //a[text()="自动化测试学生分类一级" ]</msg>
<status status="PASS" starttime="20190305 15:10:39.832" endtime="20190305 15:10:39.834"></status>
</kw>
<kw name="Log" library="BuiltIn">
<doc>Logs the given message with the given level.</doc>
<arguments>
<arg>${user}</arg>
</arguments>
<msg timestamp="20190305 15:10:39.834" level="INFO">//a[text()="自动化测试学生分类一级" ]</msg>
<status status="PASS" starttime="20190305 15:10:39.834" endtime="20190305 15:10:39.834"></status>
</kw>
<kw name="暂停" library="riil_common_keyword_resource">
<kw name="Sleep" library="BuiltIn">
<doc>Pauses the test executed for the given time.</doc>
<arguments>
<arg>1</arg>
</arguments>
<msg timestamp="20190305 15:10:40.836" level="INFO">Slept 1 second</msg>
<status status="PASS" starttime="20190305 15:10:39.835" endtime="20190305 15:10:40.836"></status>
</kw>
<status status="PASS" starttime="20190305 15:10:39.834" endtime="20190305 15:10:40.836"></status>
</kw>
<kw name="Scroll Element Into View" library="Selenium2Library">
<doc>Scrolls an element identified by ``locator`` into view.</doc>
<arguments>
<arg>${user}</arg>
</arguments>
<status status="PASS" starttime="20190305 15:10:40.836" endtime="20190305 15:10:40.887"></status>
</kw>
<status status="PASS" starttime="20190305 15:10:39.831" endtime="20190305 15:10:40.888"></status>
</kw>
<kw name="悬浮鼠标" library="riil_common_keyword_resource">
<arguments>
<arg>service_management</arg>
<arg>move_mouse</arg>
<arg>relax</arg>
</arguments>
<kw name="Get Xpath" library="riil_helper">
<arguments>
<arg>${section}</arg>
<arg>${xpath_name}</arg>
<arg>${product}</arg>
</arguments>
<assign>
<var>${user}</var>
</assign>
<msg timestamp="20190305 15:10:40.891" level="INFO">${user} = //a[text()="自动化测试学生分类一级" ]</msg>
<status status="PASS" starttime="20190305 15:10:40.888" endtime="20190305 15:10:40.891"></status>
</kw>
<kw name="暂停" library="riil_common_keyword_resource">
<kw name="Sleep" library="BuiltIn">
<doc>Pauses the test executed for the given time.</doc>
<arguments>
<arg>1</arg>
</arguments>
<msg timestamp="20190305 15:10:41.894" level="INFO">Slept 1 second</msg>
<status status="PASS" starttime="20190305 15:10:40.891" endtime="20190305 15:10:41.894"></status>
</kw>
<status status="PASS" starttime="20190305 15:10:40.891" endtime="20190305 15:10:41.894"></status>
</kw>
<kw name="Mouse Over" library="Selenium2Library">
<doc>Simulates hovering mouse over the element ``locator``.</doc>
<arguments>
<arg>${user}</arg>
</arguments>
<msg timestamp="20190305 15:10:41.894" level="INFO">Simulating Mouse Over on element '//a[text()="自动化测试学生分类一级" ]'.</msg>
<status status="PASS" starttime="20190305 15:10:41.894" endtime="20190305 15:10:41.915"></status>
</kw>
<status status="PASS" starttime="20190305 15:10:40.888" endtime="20190305 15:10:41.915"></status>
</kw>
<kw name="点击元素" library="riil_common_keyword_resource">
<arguments>
<arg>service_management</arg>
<arg>add_icon</arg>
<arg>relax</arg>
</arguments>
<kw name="Get Xpath" library="riil_helper">
<arguments>
<arg>${section}</arg>
<arg>${xpath_name}</arg>
<arg>${product}</arg>
</arguments>
<assign>
<var>${name}</var>
</assign>
<msg timestamp="20190305 15:10:41.916" level="INFO">${name} = //a[text()='自动化测试学生分类一级']/i[2]</msg>
<status status="PASS" starttime="20190305 15:10:41.915" endtime="20190305 15:10:41.917"></status>
</kw>
<kw name="Click Element" library="Selenium2Library">
<doc>Click element identified by ``locator``.</doc>
<arguments>
<arg>${name}</arg>
</arguments>
<msg timestamp="20190305 15:10:41.917" level="INFO">Clicking element '//a[text()='自动化测试学生分类一级']/i[2]'.</msg>
<status status="PASS" starttime="20190305 15:10:41.917" endtime="20190305 15:10:42.017"></status>
</kw>
<status status="PASS" starttime="20190305 15:10:41.915" endtime="20190305 15:10:42.017"></status>
</kw>
<kw name="输入字符串" library="riil_common_keyword_resource">
<arguments>
<arg>service_management</arg>
<arg>travel_name</arg>
<arg>中华人民共和国中央人民政府中国共产党万岁万岁万万岁</arg>
<arg>relax</arg>
</arguments>
<kw name="Get Xpath" library="riil_helper">
<arguments>
<arg>${section}</arg>
<arg>${xpath_name}</arg>
<arg>${product}</arg>
</arguments>
<assign>
<var>${user}</var>
</assign>
<msg timestamp="20190305 15:10:42.019" level="INFO">${user} = //input[@placeholder="旅程名称" ]</msg>
<status status="PASS" starttime="20190305 15:10:42.018" endtime="20190305 15:10:42.019"></status>
</kw>
<kw name="Sleep" library="BuiltIn">
<doc>Pauses the test executed for the given time.</doc>
<arguments>
<arg>2</arg>
</arguments>
<msg timestamp="20190305 15:10:44.022" level="INFO">Slept 2 seconds</msg>
<status status="PASS" starttime="20190305 15:10:42.019" endtime="20190305 15:10:44.022"></status>
</kw>
<kw name="Input Text" library="Selenium2Library">
<doc>Types the given ``text`` into text field identified by ``locator``.</doc>
<arguments>
<arg>${user}</arg>
<arg>${str_name}</arg>
</arguments>
<msg timestamp="20190305 15:10:44.022" level="INFO">Typing text '中华人民共和国中央人民政府中国共产党万岁万岁万万岁' into text field '//input[@placeholder="旅程名称" ]'.</msg>
<status status="PASS" starttime="20190305 15:10:44.022" endtime="20190305 15:10:44.172"></status>
</kw>
<status status="PASS" starttime="20190305 15:10:42.017" endtime="20190305 15:10:44.172"></status>
</kw>
<kw name="输入字符串" library="riil_common_keyword_resource">
<arguments>
<arg>service_management</arg>
<arg>travel_belong_role</arg>
<arg>学生入学</arg>
<arg>relax</arg>
</arguments>
<kw name="Get Xpath" library="riil_helper">
<arguments>
<arg>${section}</arg>
<arg>${xpath_name}</arg>
<arg>${product}</arg>
</arguments>
<assign>
<var>${user}</var>
</assign>
<msg timestamp="20190305 15:10:44.174" level="INFO">${user} = //input[@data-frame-id="blongService"]</msg>
<status status="PASS" starttime="20190305 15:10:44.173" endtime="20190305 15:10:44.174"></status>
</kw>
<kw name="Sleep" library="BuiltIn">
<doc>Pauses the test executed for the given time.</doc>
<arguments>
<arg>2</arg>
</arguments>
<msg timestamp="20190305 15:10:46.176" level="INFO">Slept 2 seconds</msg>
<status status="PASS" starttime="20190305 15:10:44.174" endtime="20190305 15:10:46.176"></status>
</kw>
<kw name="Input Text" library="Selenium2Library">
<doc>Types the given ``text`` into text field identified by ``locator``.</doc>
<arguments>
<arg>${user}</arg>
<arg>${str_name}</arg>
</arguments>
<msg timestamp="20190305 15:10:46.176" level="INFO">Typing text '学生入学' into text field '//input[@data-frame-id="blongService"]'.</msg>
<status status="PASS" starttime="20190305 15:10:46.176" endtime="20190305 15:10:46.316"></status>
</kw>
<status status="PASS" starttime="20190305 15:10:44.173" endtime="20190305 15:10:46.316"></status>
</kw>
<kw name="按键操作" library="riil_common_keyword_resource">
<arguments>
<arg>service_management</arg>
<arg>travel_belong_role</arg>
<arg>\\13</arg>
<arg>relax</arg>
</arguments>
<kw name="Get Xpath" library="riil_helper">
<arguments>
<arg>${section}</arg>
<arg>${xpath_name}</arg>
<arg>${product}</arg>
</arguments>
<assign>
<var>${user}</var>
</assign>
<msg timestamp="20190305 15:10:46.319" level="INFO">${user} = //input[@data-frame-id="blongService"]</msg>
<status status="PASS" starttime="20190305 15:10:46.316" endtime="20190305 15:10:46.319"></status>
</kw>
<kw name="暂停" library="riil_common_keyword_resource">
<kw name="Sleep" library="BuiltIn">
<doc>Pauses the test executed for the given time.</doc>
<arguments>
<arg>1</arg>
</arguments>
<msg timestamp="20190305 15:10:47.321" level="INFO">Slept 1 second</msg>
<status status="PASS" starttime="20190305 15:10:46.320" endtime="20190305 15:10:47.321"></status>
</kw>
<status status="PASS" starttime="20190305 15:10:46.319" endtime="20190305 15:10:47.321"></status>
</kw>
<kw name="Press Key" library="Selenium2Library">
<doc>Deprecated use `Press Keys` instead.</doc>
<arguments>
<arg>${user}</arg>
<arg>${key}</arg>
</arguments>
<status status="PASS" starttime="20190305 15:10:47.321" endtime="20190305 15:10:47.364"></status>
</kw>
<status status="PASS" starttime="20190305 15:10:46.316" endtime="20190305 15:10:47.364"></status>
</kw>
<kw name="点击按钮" library="riil_common_keyword_resource">
<arguments>
<arg>service_management</arg>
<arg>save_button</arg>
<arg>relax</arg>
</arguments>
<kw name="Get Xpath" library="riil_helper">
<arguments>
<arg>${section}</arg>
<arg>${xpath_name}</arg>
<arg>${product}</arg>
</arguments>
<assign>
<var>${name}</var>
</assign>
<msg timestamp="20190305 15:10:47.366" level="INFO">${name} = //button[text()="保存"]</msg>
<status status="PASS" starttime="20190305 15:10:47.365" endtime="20190305 15:10:47.366"></status>
</kw>
<kw name="Click Button" library="Selenium2Library">
<doc>Clicks button identified by ``locator``.</doc>
<arguments>
<arg>${name}</arg>
</arguments>
<msg timestamp="20190305 15:10:47.367" level="INFO">Clicking button '//button[text()="保存"]'.</msg>
<status status="PASS" starttime="20190305 15:10:47.366" endtime="20190305 15:10:47.441"></status>
</kw>
<status status="PASS" starttime="20190305 15:10:47.364" endtime="20190305 15:10:47.442"></status>
</kw>
<status status="PASS" starttime="20190305 15:10:32.387" endtime="20190305 15:10:47.442"></status>
</kw>
<kw name="when 切到前端查看" library="relax_business_keyword_resource">
<kw name="Sleep" library="BuiltIn">
<doc>Pauses the test executed for the given time.</doc>
<arguments>
<arg>3</arg>
</arguments>
<msg timestamp="20190305 15:10:50.444" level="INFO">Slept 3 seconds</msg>
<status status="PASS" starttime="20190305 15:10:47.442" endtime="20190305 15:10:50.444"></status>
</kw>
<kw name="点击元素" library="riil_common_keyword_resource">
<arguments>
<arg>school_page</arg>
<arg>lobbyTab</arg>
<arg>relax</arg>
</arguments>
<kw name="Get Xpath" library="riil_helper">
<arguments>
<arg>${section}</arg>
<arg>${xpath_name}</arg>
<arg>${product}</arg>
</arguments>
<assign>
<var>${name}</var>
</assign>
<msg timestamp="20190305 15:10:50.445" level="INFO">${name} = //a[@data-frame-id="lobbyTab"]</msg>
<status status="PASS" starttime="20190305 15:10:50.444" endtime="20190305 15:10:50.445"></status>
</kw>
<kw name="Click Element" library="Selenium2Library">
<doc>Click element identified by ``locator``.</doc>
<arguments>
<arg>${name}</arg>
</arguments>
<msg timestamp="20190305 15:10:50.445" level="INFO">Clicking element '//a[@data-frame-id="lobbyTab"]'.</msg>
<status status="PASS" starttime="20190305 15:10:50.445" endtime="20190305 15:10:50.522"></status>
</kw>
<status status="PASS" starttime="20190305 15:10:50.444" endtime="20190305 15:10:50.522"></status>
</kw>
<kw name="Sleep" library="BuiltIn">
<doc>Pauses the test executed for the given time.</doc>
<arguments>
<arg>3</arg>
</arguments>
<msg timestamp="20190305 15:10:53.525" level="INFO">Slept 3 seconds</msg>
<status status="PASS" starttime="20190305 15:10:50.522" endtime="20190305 15:10:53.525"></status>
</kw>
<status status="PASS" starttime="20190305 15:10:47.442" endtime="20190305 15:10:53.525"></status>
</kw>
<kw name="then 超长标题显示正常" library="relax_business_keyword_resource">
<kw name="Sleep" library="BuiltIn">
<doc>Pauses the test executed for the given time.</doc>
<arguments>
<arg>3</arg>
</arguments>
<msg timestamp="20190305 15:10:56.526" level="INFO">Slept 3 seconds</msg>
<status status="PASS" starttime="20190305 15:10:53.526" endtime="20190305 15:10:56.526"></status>
</kw>
<kw name="显示出隐藏元素" library="riil_common_keyword_resource">
<arguments>
<arg>school_page</arg>
<arg>journeyCard</arg>
<arg>relax</arg>
</arguments>
<kw name="Get Xpath" library="riil_helper">
<arguments>
<arg>${section}</arg>
<arg>${xpath_name}</arg>
<arg>${product}</arg>
</arguments>
<assign>
<var>${user}</var>
</assign>
<msg timestamp="20190305 15:10:56.528" level="INFO">${user} = //div[@data-frame-id="journeyCard"]</msg>
<status status="PASS" starttime="20190305 15:10:56.526" endtime="20190305 15:10:56.528"></status>
</kw>
<kw name="Log" library="BuiltIn">
<doc>Logs the given message with the given level.</doc>
<arguments>
<arg>${user}</arg>
</arguments>
<msg timestamp="20190305 15:10:56.528" level="INFO">//div[@data-frame-id="journeyCard"]</msg>
<status status="PASS" starttime="20190305 15:10:56.528" endtime="20190305 15:10:56.528"></status>
</kw>
<kw name="暂停" library="riil_common_keyword_resource">
<kw name="Sleep" library="BuiltIn">
<doc>Pauses the test executed for the given time.</doc>
<arguments>
<arg>1</arg>
</arguments>
<msg timestamp="20190305 15:10:57.530" level="INFO">Slept 1 second</msg>
<status status="PASS" starttime="20190305 15:10:56.528" endtime="20190305 15:10:57.530"></status>
</kw>
<status status="PASS" starttime="20190305 15:10:56.528" endtime="20190305 15:10:57.530"></status>
</kw>
<kw name="Scroll Element Into View" library="Selenium2Library">
<doc>Scrolls an element identified by ``locator`` into view.</doc>
<arguments>
<arg>${user}</arg>
</arguments>
<status status="PASS" starttime="20190305 15:10:57.530" endtime="20190305 15:10:57.585"></status>
</kw>
<status status="PASS" starttime="20190305 15:10:56.526" endtime="20190305 15:10:57.585"></status>
</kw>
<kw name="Sleep" library="BuiltIn">
<doc>Pauses the test executed for the given time.</doc>
<arguments>
<arg>1</arg>
</arguments>
<msg timestamp="20190305 15:10:58.587" level="INFO">Slept 1 second</msg>
<status status="PASS" starttime="20190305 15:10:57.585" endtime="20190305 15:10:58.587"></status>
</kw>
<kw name="悬浮鼠标" library="riil_common_keyword_resource">
<arguments>
<arg>school_page</arg>
<arg>supper_title</arg>
<arg>relax</arg>
</arguments>
<kw name="Get Xpath" library="riil_helper">
<arguments>
<arg>${section}</arg>
<arg>${xpath_name}</arg>
<arg>${product}</arg>
</arguments>
<assign>
<var>${user}</var>
</assign>
<msg timestamp="20190305 15:10:58.590" level="INFO">${user} = //span[text()="中华人民共和国中央人民政府中国共产党万岁万岁万万岁"]</msg>
<status status="PASS" starttime="20190305 15:10:58.588" endtime="20190305 15:10:58.590"></status>
</kw>
<kw name="暂停" library="riil_common_keyword_resource">
<kw name="Sleep" library="BuiltIn">
<doc>Pauses the test executed for the given time.</doc>
<arguments>
<arg>1</arg>
</arguments>
<msg timestamp="20190305 15:10:59.590" level="INFO">Slept 1 second</msg>
<status status="PASS" starttime="20190305 15:10:58.590" endtime="20190305 15:10:59.590"></status>
</kw>
<status status="PASS" starttime="20190305 15:10:58.590" endtime="20190305 15:10:59.590"></status>
</kw>
<kw name="Mouse Over" library="Selenium2Library">
<doc>Simulates hovering mouse over the element ``locator``.</doc>
<arguments>
<arg>${user}</arg>
</arguments>
<msg timestamp="20190305 15:10:59.590" level="INFO">Simulating Mouse Over on element '//span[text()="中华人民共和国中央人民政府中国共产党万岁万岁万万岁"]'.</msg>
<status status="PASS" starttime="20190305 15:10:59.590" endtime="20190305 15:10:59.619"></status>
</kw>
<status status="PASS" starttime="20190305 15:10:58.587" endtime="20190305 15:10:59.620"></status>
</kw>
<kw name="校验包含字符串" library="relax_element_keyword_resource">
<arguments>
<arg>school_page</arg>
<arg>supper_title</arg>
<arg>中华人民共和国中央人民政府中国共产党万岁万岁万万岁</arg>
<arg>relax</arg>
</arguments>
<kw name="Get Xpath" library="riil_helper">
<arguments>
<arg>${section}</arg>
<arg>${xpath_name}</arg>
<arg>${product}</arg>
</arguments>
<assign>
<var>${s}</var>
</assign>
<msg timestamp="20190305 15:10:59.621" level="INFO">${s} = //span[text()="中华人民共和国中央人民政府中国共产党万岁万岁万万岁"]</msg>
<status status="PASS" starttime="20190305 15:10:59.620" endtime="20190305 15:10:59.621"></status>
</kw>
<kw name="Get Text" library="Selenium2Library">
<doc>Returns the text value of element identified by ``locator``.</doc>
<arguments>
<arg>${s}</arg>
</arguments>
<assign>
<var>${fullstr}</var>
</assign>
<msg timestamp="20190305 15:10:59.644" level="INFO">${fullstr} = 中华人民共和国中央人民政府中国共产党万岁万岁万万岁</msg>
<status status="PASS" starttime="20190305 15:10:59.621" endtime="20190305 15:10:59.644"></status>
</kw>
<kw name="Log" library="BuiltIn">
<doc>Logs the given message with the given level.</doc>
<arguments>
<arg>${fullstr}</arg>
</arguments>
<msg timestamp="20190305 15:10:59.645" level="INFO">中华人民共和国中央人民政府中国共产党万岁万岁万万岁</msg>
<status status="PASS" starttime="20190305 15:10:59.644" endtime="20190305 15:10:59.645"></status>
</kw>
<kw name="Should Contain" library="BuiltIn">
<doc>Fails if ``container`` does not contain ``item`` one or more times.</doc>
<arguments>
<arg>${fullstr}</arg>
<arg>${str}</arg>
</arguments>
<status status="PASS" starttime="20190305 15:10:59.645" endtime="20190305 15:10:59.645"></status>
</kw>
<status status="PASS" starttime="20190305 15:10:59.620" endtime="20190305 15:10:59.645"></status>
</kw>
<status status="PASS" starttime="20190305 15:10:53.525" endtime="20190305 15:10:59.645"></status>
</kw>
<status status="PASS" starttime="20190305 15:10:16.110" endtime="20190305 15:10:59.645" critical="yes"></status>
</test>
<status status="PASS" starttime="20190305 15:10:15.554" endtime="20190305 15:10:59.646"></status>
</suite>
<statistics>
<total>
<stat pass="1" fail="0">Critical Tests</stat>
<stat pass="1" fail="0">All Tests</stat>
</total>
<tag>
</tag>
<suite>
<stat pass="1" fail="0" id="s1" name="文本超长省略 但鼠标移动上去可以在Title显示完整内容 374824">文本超长省略 但鼠标移动上去可以在Title显示完整内容 374824</stat>
</suite>
</statistics>
<errors>
</errors>
</robot>
