<?xml version="1.0" encoding="UTF-8"?>
<robot generator="Robot 3.1.1 (Python 3.7.2 on win32)" generated="20190228 19:33:57.783" rpa="false">
<suite id="s1" name="服务事项过多时向下追加 650548" source="D:\robotframework-master\RIIL_automation_testing_base_on_robot_framework-dev\testcases\relax\温大实验局\办事大厅首页\校园旅程用户界面\服务事项过多时向下追加_650548.robot">
<test id="s1-t1" name="服务事项过多时向下追加_650548">
<kw name="given 进入校园旅程用户页面" library="relax_business_keyword_resource">
<kw name="启动Relax未登录首页" library="relax_element_keyword_resource">
<kw name="Get Xpath" library="riil_helper">
<arguments>
<arg>school_page</arg>
<arg>relax_home</arg>
<arg>relax</arg>
</arguments>
<assign>
<var>${url}</var>
</assign>
<msg timestamp="20190228 19:33:58.289" level="INFO">${url} = http://172.17.189.63:9090/relax/index.html#/v2.lobby.lobby</msg>
<status status="PASS" starttime="20190228 19:33:58.287" endtime="20190228 19:33:58.289"></status>
</kw>
<kw name="Log" library="BuiltIn">
<doc>Logs the given message with the given level.</doc>
<arguments>
<arg>${url}</arg>
</arguments>
<msg timestamp="20190228 19:33:58.289" level="INFO">http://172.17.189.63:9090/relax/index.html#/v2.lobby.lobby</msg>
<status status="PASS" starttime="20190228 19:33:58.289" endtime="20190228 19:33:58.289"></status>
</kw>
<kw name="Open Browser" library="Selenium2Library">
<doc>Opens a new browser instance to the given ``url``.</doc>
<arguments>
<arg>${url}</arg>
<arg>chrome</arg>
</arguments>
<msg timestamp="20190228 19:33:58.290" level="INFO">Opening browser 'chrome' to base url 'http://172.17.189.63:9090/relax/index.html#/v2.lobby.lobby'.</msg>
<status status="PASS" starttime="20190228 19:33:58.289" endtime="20190228 19:34:00.897"></status>
</kw>
<kw name="Maximize Browser Window" library="Selenium2Library">
<doc>Maximizes current browser window.</doc>
<status status="PASS" starttime="20190228 19:34:00.898" endtime="20190228 19:34:02.026"></status>
</kw>
<status status="PASS" starttime="20190228 19:33:58.286" endtime="20190228 19:34:02.026"></status>
</kw>
<status status="PASS" starttime="20190228 19:33:58.286" endtime="20190228 19:34:02.026"></status>
</kw>
<kw name="when 查看校园旅程" library="relax_business_keyword_resource">
<kw name="显示出隐藏元素" library="riil_common_keyword_resource">
<arguments>
<arg>school_page</arg>
<arg>entrance</arg>
<arg>relax</arg>
</arguments>
<kw name="Get Xpath" library="riil_helper">
<arguments>
<arg>${section}</arg>
<arg>${xpath_name}</arg>
<arg>${product}</arg>
</arguments>
<assign>
<var>${user}</var>
</assign>
<msg timestamp="20190228 19:34:02.029" level="INFO">${user} = //span[@title="入学"]</msg>
<status status="PASS" starttime="20190228 19:34:02.027" endtime="20190228 19:34:02.030"></status>
</kw>
<kw name="Log" library="BuiltIn">
<doc>Logs the given message with the given level.</doc>
<arguments>
<arg>${user}</arg>
</arguments>
<msg timestamp="20190228 19:34:02.030" level="INFO">//span[@title="入学"]</msg>
<status status="PASS" starttime="20190228 19:34:02.030" endtime="20190228 19:34:02.030"></status>
</kw>
<kw name="暂停" library="riil_common_keyword_resource">
<kw name="Sleep" library="BuiltIn">
<doc>Pauses the test executed for the given time.</doc>
<arguments>
<arg>2</arg>
</arguments>
<msg timestamp="20190228 19:34:04.032" level="INFO">Slept 2 seconds</msg>
<status status="PASS" starttime="20190228 19:34:02.030" endtime="20190228 19:34:04.032"></status>
</kw>
<status status="PASS" starttime="20190228 19:34:02.030" endtime="20190228 19:34:04.032"></status>
</kw>
<kw name="Scroll Element Into View" library="Selenium2Library">
<doc>Scrolls an element identified by ``locator`` into view.</doc>
<arguments>
<arg>${user}</arg>
</arguments>
<status status="PASS" starttime="20190228 19:34:04.032" endtime="20190228 19:34:04.158"></status>
</kw>
<status status="PASS" starttime="20190228 19:34:02.027" endtime="20190228 19:34:04.159"></status>
</kw>
<kw name="悬浮鼠标" library="riil_common_keyword_resource">
<arguments>
<arg>school_page</arg>
<arg>entrance</arg>
<arg>relax</arg>
</arguments>
<kw name="Get Xpath" library="riil_helper">
<arguments>
<arg>${section}</arg>
<arg>${xpath_name}</arg>
<arg>${product}</arg>
</arguments>
<assign>
<var>${user}</var>
</assign>
<msg timestamp="20190228 19:34:04.161" level="INFO">${user} = //span[@title="入学"]</msg>
<status status="PASS" starttime="20190228 19:34:04.160" endtime="20190228 19:34:04.161"></status>
</kw>
<kw name="暂停" library="riil_common_keyword_resource">
<kw name="Sleep" library="BuiltIn">
<doc>Pauses the test executed for the given time.</doc>
<arguments>
<arg>2</arg>
</arguments>
<msg timestamp="20190228 19:34:06.164" level="INFO">Slept 2 seconds</msg>
<status status="PASS" starttime="20190228 19:34:04.162" endtime="20190228 19:34:06.164"></status>
</kw>
<status status="PASS" starttime="20190228 19:34:04.161" endtime="20190228 19:34:06.164"></status>
</kw>
<kw name="Mouse Over" library="Selenium2Library">
<doc>Simulates hovering mouse over the element ``locator``.</doc>
<arguments>
<arg>${user}</arg>
</arguments>
<msg timestamp="20190228 19:34:06.165" level="INFO">Simulating Mouse Over on element '//span[@title="入学"]'.</msg>
<status status="PASS" starttime="20190228 19:34:06.164" endtime="20190228 19:34:06.242"></status>
</kw>
<status status="PASS" starttime="20190228 19:34:04.159" endtime="20190228 19:34:06.242"></status>
</kw>
<kw name="Sleep" library="BuiltIn">
<doc>Pauses the test executed for the given time.</doc>
<arguments>
<arg>3</arg>
</arguments>
<msg timestamp="20190228 19:34:09.244" level="INFO">Slept 3 seconds</msg>
<status status="PASS" starttime="20190228 19:34:06.243" endtime="20190228 19:34:09.244"></status>
</kw>
<kw name="全屏截图" library="riil_common_keyword_resource">
<arguments>
<arg>../../../../../../lib/spread.png</arg>
</arguments>
<kw name="Log" library="BuiltIn">
<doc>Logs the given message with the given level.</doc>
<arguments>
<arg>${path}</arg>
</arguments>
<msg timestamp="20190228 19:34:09.245" level="INFO">../../../../../../lib/spread.png</msg>
<status status="PASS" starttime="20190228 19:34:09.245" endtime="20190228 19:34:09.245"></status>
</kw>
<kw name="Capture Page Screenshot" library="Selenium2Library">
<doc>Takes screenshot of the current page and embeds it into log file.</doc>
<arguments>
<arg>${path}</arg>
</arguments>
<msg timestamp="20190228 19:34:09.586" level="INFO" html="yes">&lt;/td&gt;&lt;/tr&gt;&lt;tr&gt;&lt;td colspan="3"&gt;&lt;a href="../../../../../../lib/spread.png"&gt;&lt;img src="../../../../../../lib/spread.png" width="800px"&gt;&lt;/a&gt;</msg>
<status status="PASS" starttime="20190228 19:34:09.245" endtime="20190228 19:34:09.586"></status>
</kw>
<status status="PASS" starttime="20190228 19:34:09.244" endtime="20190228 19:34:09.586"></status>
</kw>
<kw name="Image Cut Special" library="riil_helper">
<arguments>
<arg>../../../../../lib/spread.png</arg>
<arg>../../../../../lib/spread.png</arg>
</arguments>
<msg timestamp="20190228 19:34:09.728" level="INFO">../../../../../lib
851 1920</msg>
<status status="PASS" starttime="20190228 19:34:09.586" endtime="20190228 19:34:09.728"></status>
</kw>
<status status="PASS" starttime="20190228 19:34:02.026" endtime="20190228 19:34:09.728"></status>
</kw>
<kw name="then 服务事项依次往下排_不会出现横向和纵向滚动" library="relax_business_keyword_resource">
<kw name="校验图片包含" library="riil_common_keyword_resource">
<arguments>
<arg>../../../../../lib/spread.png</arg>
<arg>../../../../../lib/vertical.png</arg>
<arg>1.0</arg>
</arguments>
<kw name="Match Img" library="riil_helper">
<arguments>
<arg>${act}</arg>
<arg>${exp}</arg>
<arg>${value}</arg>
</arguments>
<assign>
<var>${differ}</var>
</assign>
<msg timestamp="20190228 19:34:09.814" level="INFO">hello
../../../../../lib
../../../../../lib
True</msg>
<msg timestamp="20190228 19:34:09.814" level="INFO">${differ} = True</msg>
<status status="PASS" starttime="20190228 19:34:09.729" endtime="20190228 19:34:09.814"></status>
</kw>
<kw name="Should Be True" library="BuiltIn">
<doc>Fails if the given condition is not true.</doc>
<arguments>
<arg>${differ}</arg>
</arguments>
<status status="PASS" starttime="20190228 19:34:09.814" endtime="20190228 19:34:09.815"></status>
</kw>
<status status="PASS" starttime="20190228 19:34:09.728" endtime="20190228 19:34:09.815"></status>
</kw>
<kw name="校验图片包含" library="riil_common_keyword_resource">
<arguments>
<arg>../../../../../lib/spread.png</arg>
<arg>../../../../../lib/horizontal.png</arg>
<arg>1.0</arg>
</arguments>
<kw name="Match Img" library="riil_helper">
<arguments>
<arg>${act}</arg>
<arg>${exp}</arg>
<arg>${value}</arg>
</arguments>
<assign>
<var>${differ}</var>
</assign>
<msg timestamp="20190228 19:34:09.893" level="INFO">hello
../../../../../lib
../../../../../lib
True</msg>
<msg timestamp="20190228 19:34:09.893" level="INFO">${differ} = True</msg>
<status status="PASS" starttime="20190228 19:34:09.815" endtime="20190228 19:34:09.894"></status>
</kw>
<kw name="Should Be True" library="BuiltIn">
<doc>Fails if the given condition is not true.</doc>
<arguments>
<arg>${differ}</arg>
</arguments>
<status status="PASS" starttime="20190228 19:34:09.894" endtime="20190228 19:34:09.894"></status>
</kw>
<status status="PASS" starttime="20190228 19:34:09.815" endtime="20190228 19:34:09.894"></status>
</kw>
<status status="PASS" starttime="20190228 19:34:09.728" endtime="20190228 19:34:09.894"></status>
</kw>
<status status="PASS" starttime="20190228 19:33:58.285" endtime="20190228 19:34:09.894" critical="yes"></status>
</test>
<status status="PASS" starttime="20190228 19:33:57.785" endtime="20190228 19:34:09.895"></status>
</suite>
<statistics>
<total>
<stat pass="1" fail="0">Critical Tests</stat>
<stat pass="1" fail="0">All Tests</stat>
</total>
<tag>
</tag>
<suite>
<stat pass="1" fail="0" id="s1" name="服务事项过多时向下追加 650548">服务事项过多时向下追加 650548</stat>
</suite>
</statistics>
<errors>
</errors>
</robot>
