<?xml version="1.0" encoding="UTF-8"?>
<robot generator="Robot 3.1.1 (Python 3.7.2 on win32)" generated="20190301 19:52:30.473" rpa="false">
<suite id="s1" name="勾选时间轴展示的显示内容 659895" source="D:\robotframework-master\RIIL_automation_testing_base_on_robot_framework-dev\testcases\relax\温大实验局\办事大厅首页\校园旅程用户界面\勾选时间轴展示的显示内容_659895.robot">
<test id="s1-t1" name="勾选时间轴展示的显示内容_659895">
<kw name="given 进入校园旅程用户页面" library="relax_business_keyword_resource">
<kw name="启动Relax未登录首页" library="relax_element_keyword_resource">
<kw name="Get Xpath" library="riil_helper">
<arguments>
<arg>school_page</arg>
<arg>relax_home</arg>
<arg>relax</arg>
</arguments>
<assign>
<var>${url}</var>
</assign>
<msg timestamp="20190301 19:52:30.959" level="INFO">${url} = http://172.17.189.63:9090/relax/index.html#/v2.lobby.lobby</msg>
<status status="PASS" starttime="20190301 19:52:30.956" endtime="20190301 19:52:30.959"></status>
</kw>
<kw name="Log" library="BuiltIn">
<doc>Logs the given message with the given level.</doc>
<arguments>
<arg>${url}</arg>
</arguments>
<msg timestamp="20190301 19:52:30.959" level="INFO">http://172.17.189.63:9090/relax/index.html#/v2.lobby.lobby</msg>
<status status="PASS" starttime="20190301 19:52:30.959" endtime="20190301 19:52:30.959"></status>
</kw>
<kw name="Open Browser" library="Selenium2Library">
<doc>Opens a new browser instance to the given ``url``.</doc>
<arguments>
<arg>${url}</arg>
<arg>chrome</arg>
</arguments>
<msg timestamp="20190301 19:52:30.959" level="INFO">Opening browser 'chrome' to base url 'http://172.17.189.63:9090/relax/index.html#/v2.lobby.lobby'.</msg>
<status status="PASS" starttime="20190301 19:52:30.959" endtime="20190301 19:52:33.628"></status>
</kw>
<kw name="Maximize Browser Window" library="Selenium2Library">
<doc>Maximizes current browser window.</doc>
<status status="PASS" starttime="20190301 19:52:33.628" endtime="20190301 19:52:34.754"></status>
</kw>
<status status="PASS" starttime="20190301 19:52:30.956" endtime="20190301 19:52:34.755"></status>
</kw>
<status status="PASS" starttime="20190301 19:52:30.955" endtime="20190301 19:52:34.755"></status>
</kw>
<kw name="when 校验入学阶段的全部服务事项" library="relax_business_keyword_resource">
<kw name="Sleep" library="BuiltIn">
<doc>Pauses the test executed for the given time.</doc>
<arguments>
<arg>5</arg>
</arguments>
<msg timestamp="20190301 19:52:39.756" level="INFO">Slept 5 seconds</msg>
<status status="PASS" starttime="20190301 19:52:34.756" endtime="20190301 19:52:39.756"></status>
</kw>
<kw name="Scroll Element Into View" library="Selenium2Library">
<doc>Scrolls an element identified by ``locator`` into view.</doc>
<arguments>
<arg>//span[text()="入学"]</arg>
</arguments>
<status status="PASS" starttime="20190301 19:52:39.757" endtime="20190301 19:52:39.873"></status>
</kw>
<kw name="Sleep" library="BuiltIn">
<doc>Pauses the test executed for the given time.</doc>
<arguments>
<arg>3</arg>
</arguments>
<msg timestamp="20190301 19:52:42.875" level="INFO">Slept 3 seconds</msg>
<status status="PASS" starttime="20190301 19:52:39.873" endtime="20190301 19:52:42.875"></status>
</kw>
<kw name="Mouse Over" library="Selenium2Library">
<doc>Simulates hovering mouse over the element ``locator``.</doc>
<arguments>
<arg>//span[text()="入学"]</arg>
</arguments>
<msg timestamp="20190301 19:52:42.876" level="INFO">Simulating Mouse Over on element '//span[text()="入学"]'.</msg>
<status status="PASS" starttime="20190301 19:52:42.875" endtime="20190301 19:52:42.911"></status>
</kw>
<kw name="Scroll Element Into View" library="Selenium2Library">
<doc>Scrolls an element identified by ``locator`` into view.</doc>
<arguments>
<arg>//div[@data-frame-id="catalogText"]/span[2][text()="学生入学"]</arg>
</arguments>
<status status="PASS" starttime="20190301 19:52:42.911" endtime="20190301 19:52:42.951"></status>
</kw>
<kw name="Mouse Over" library="Selenium2Library">
<doc>Simulates hovering mouse over the element ``locator``.</doc>
<arguments>
<arg>//div[@data-frame-id="catalogText"]/span[2][text()="学生入学"]</arg>
</arguments>
<msg timestamp="20190301 19:52:42.951" level="INFO">Simulating Mouse Over on element '//div[@data-frame-id="catalogText"]/span[2][text()="学生入学"]'.</msg>
<status status="PASS" starttime="20190301 19:52:42.951" endtime="20190301 19:52:42.977"></status>
</kw>
<kw name="Sleep" library="BuiltIn">
<doc>Pauses the test executed for the given time.</doc>
<arguments>
<arg>3</arg>
</arguments>
<msg timestamp="20190301 19:52:45.979" level="INFO">Slept 3 seconds</msg>
<status status="PASS" starttime="20190301 19:52:42.977" endtime="20190301 19:52:45.979"></status>
</kw>
<kw name="Scroll Element Into View" library="Selenium2Library">
<doc>Scrolls an element identified by ``locator`` into view.</doc>
<arguments>
<arg>//div[@data-frame-id="catalogText"]/span[2][text()="学生入学"]</arg>
</arguments>
<status status="PASS" starttime="20190301 19:52:45.980" endtime="20190301 19:52:46.040"></status>
</kw>
<kw name="Mouse Over" library="Selenium2Library">
<doc>Simulates hovering mouse over the element ``locator``.</doc>
<arguments>
<arg>//div[@data-frame-id="catalogText"]/span[2][text()="学生入学"]</arg>
</arguments>
<msg timestamp="20190301 19:52:46.040" level="INFO">Simulating Mouse Over on element '//div[@data-frame-id="catalogText"]/span[2][text()="学生入学"]'.</msg>
<status status="PASS" starttime="20190301 19:52:46.040" endtime="20190301 19:52:46.057"></status>
</kw>
<kw name="Get Text" library="Selenium2Library">
<doc>Returns the text value of element identified by ``locator``.</doc>
<arguments>
<arg>//div[@data-frame-id="catalogText"]/span[2][text()="学生入学"]</arg>
</arguments>
<assign>
<var>${fullstr}</var>
</assign>
<msg timestamp="20190301 19:52:46.080" level="INFO">${fullstr} = 学生入学</msg>
<status status="PASS" starttime="20190301 19:52:46.057" endtime="20190301 19:52:46.080"></status>
</kw>
<kw name="Log" library="BuiltIn">
<doc>Logs the given message with the given level.</doc>
<arguments>
<arg>${fullstr}</arg>
</arguments>
<msg timestamp="20190301 19:52:46.080" level="INFO">学生入学</msg>
<status status="PASS" starttime="20190301 19:52:46.080" endtime="20190301 19:52:46.080"></status>
</kw>
<kw name="Mouse Over" library="Selenium2Library">
<doc>Simulates hovering mouse over the element ``locator``.</doc>
<arguments>
<arg>//span[@title="新生报道"]</arg>
</arguments>
<msg timestamp="20190301 19:52:46.080" level="INFO">Simulating Mouse Over on element '//span[@title="新生报道"]'.</msg>
<status status="PASS" starttime="20190301 19:52:46.080" endtime="20190301 19:52:46.139"></status>
</kw>
<kw name="Page Should Contain" library="Selenium2Library">
<doc>Verifies that current page contains ``text``.</doc>
<arguments>
<arg>学生入学</arg>
</arguments>
<msg timestamp="20190301 19:52:46.167" level="INFO">Current page contains text '学生入学'.</msg>
<status status="PASS" starttime="20190301 19:52:46.139" endtime="20190301 19:52:46.167"></status>
</kw>
<kw name="Get Element Attribute" library="Selenium2Library">
<doc>Returns value of ``attribute`` from element ``locator``.</doc>
<arguments>
<arg>//div[@data-frame-id="journeyCard"]</arg>
<arg>journey-id</arg>
</arguments>
<assign>
<var>${test}</var>
</assign>
<msg timestamp="20190301 19:52:46.198" level="INFO">${test} = f53bc7b8-3682-11e9-8679-0377f17dce40</msg>
<status status="PASS" starttime="20190301 19:52:46.167" endtime="20190301 19:52:46.198"></status>
</kw>
<kw name="Log" library="BuiltIn">
<doc>Logs the given message with the given level.</doc>
<arguments>
<arg>${test}</arg>
</arguments>
<msg timestamp="20190301 19:52:46.198" level="INFO">f53bc7b8-3682-11e9-8679-0377f17dce40</msg>
<status status="PASS" starttime="20190301 19:52:46.198" endtime="20190301 19:52:46.198"></status>
</kw>
<status status="PASS" starttime="20190301 19:52:34.755" endtime="20190301 19:52:46.198"></status>
</kw>
<status status="PASS" starttime="20190301 19:52:30.954" endtime="20190301 19:52:46.198" critical="yes"></status>
</test>
<status status="PASS" starttime="20190301 19:52:30.476" endtime="20190301 19:52:46.199"></status>
</suite>
<statistics>
<total>
<stat pass="1" fail="0">Critical Tests</stat>
<stat pass="1" fail="0">All Tests</stat>
</total>
<tag>
</tag>
<suite>
<stat pass="1" fail="0" id="s1" name="勾选时间轴展示的显示内容 659895">勾选时间轴展示的显示内容 659895</stat>
</suite>
</statistics>
<errors>
</errors>
</robot>
