<?xml version="1.0" encoding="UTF-8"?>
<robot generator="Robot 3.1.1 (Python 3.7.2 on win32)" generated="20190306 09:41:11.760" rpa="false">
<suite id="s1" name="Test" source="D:\robotframework-master\RIIL_automation_testing_base_on_robot_framework-dev\testcases\relax\温大实验局\办事大厅首页\测试调试\test.robot">
<test id="s1-t1" name="新建一级校园旅程">
<kw name="打开浏览器" library="relax_element_keyword_resource" type="setup">
<kw name="Get Xpath" library="riil_helper">
<arguments>
<arg>login_page</arg>
<arg>relax</arg>
<arg>relax</arg>
</arguments>
<assign>
<var>${url}</var>
</assign>
<msg timestamp="20190306 09:41:12.542" level="INFO">${url} = http://172.17.189.63:9090/relax</msg>
<status status="PASS" starttime="20190306 09:41:12.539" endtime="20190306 09:41:12.542"></status>
</kw>
<kw name="Log" library="BuiltIn">
<doc>Logs the given message with the given level.</doc>
<arguments>
<arg>${url}</arg>
</arguments>
<msg timestamp="20190306 09:41:12.543" level="INFO">http://172.17.189.63:9090/relax</msg>
<status status="PASS" starttime="20190306 09:41:12.543" endtime="20190306 09:41:12.543"></status>
</kw>
<kw name="Open Browser" library="Selenium2Library">
<doc>Opens a new browser instance to the given ``url``.</doc>
<arguments>
<arg>${url}</arg>
<arg>chrome</arg>
</arguments>
<msg timestamp="20190306 09:41:12.543" level="INFO">Opening browser 'chrome' to base url 'http://172.17.189.63:9090/relax'.</msg>
<status status="PASS" starttime="20190306 09:41:12.543" endtime="20190306 09:41:15.194"></status>
</kw>
<kw name="Maximize Browser Window" library="Selenium2Library">
<doc>Maximizes current browser window.</doc>
<status status="PASS" starttime="20190306 09:41:15.194" endtime="20190306 09:41:16.318"></status>
</kw>
<status status="PASS" starttime="20190306 09:41:12.538" endtime="20190306 09:41:16.318"></status>
</kw>
<kw name="given 进入校园旅程新建页面" library="relax_business_keyword_resource">
<kw name="登录Relax" library="relax_business_keyword_resource">
<arguments>
<arg>admin</arg>
<arg>admin</arg>
</arguments>
<kw name="暂停" library="riil_common_keyword_resource">
<kw name="Sleep" library="BuiltIn">
<doc>Pauses the test executed for the given time.</doc>
<arguments>
<arg>1</arg>
</arguments>
<msg timestamp="20190306 09:41:17.320" level="INFO">Slept 1 second</msg>
<status status="PASS" starttime="20190306 09:41:16.319" endtime="20190306 09:41:17.320"></status>
</kw>
<status status="PASS" starttime="20190306 09:41:16.318" endtime="20190306 09:41:17.320"></status>
</kw>
<kw name="登录名称" library="relax_element_keyword_resource">
<arguments>
<arg>${username}</arg>
</arguments>
<kw name="输入字符串" library="riil_common_keyword_resource">
<arguments>
<arg>login_page</arg>
<arg>username</arg>
<arg>${str_name}</arg>
<arg>relax</arg>
</arguments>
<kw name="Get Xpath" library="riil_helper">
<arguments>
<arg>${section}</arg>
<arg>${xpath_name}</arg>
<arg>${product}</arg>
</arguments>
<assign>
<var>${user}</var>
</assign>
<msg timestamp="20190306 09:41:17.323" level="INFO">${user} = //*[@name="username"]</msg>
<status status="PASS" starttime="20190306 09:41:17.321" endtime="20190306 09:41:17.323"></status>
</kw>
<kw name="Sleep" library="BuiltIn">
<doc>Pauses the test executed for the given time.</doc>
<arguments>
<arg>2</arg>
</arguments>
<msg timestamp="20190306 09:41:19.325" level="INFO">Slept 2 seconds</msg>
<status status="PASS" starttime="20190306 09:41:17.323" endtime="20190306 09:41:19.325"></status>
</kw>
<kw name="Input Text" library="Selenium2Library">
<doc>Types the given ``text`` into text field identified by ``locator``.</doc>
<arguments>
<arg>${user}</arg>
<arg>${str_name}</arg>
</arguments>
<msg timestamp="20190306 09:41:19.325" level="INFO">Typing text 'admin' into text field '//*[@name="username"]'.</msg>
<status status="PASS" starttime="20190306 09:41:19.325" endtime="20190306 09:41:19.414"></status>
</kw>
<status status="PASS" starttime="20190306 09:41:17.321" endtime="20190306 09:41:19.414"></status>
</kw>
<status status="PASS" starttime="20190306 09:41:17.320" endtime="20190306 09:41:19.414"></status>
</kw>
<kw name="登录密码" library="relax_element_keyword_resource">
<arguments>
<arg>${password}</arg>
</arguments>
<kw name="输入字符串" library="riil_common_keyword_resource">
<arguments>
<arg>login_page</arg>
<arg>password</arg>
<arg>${str_name}</arg>
<arg>relax</arg>
</arguments>
<kw name="Get Xpath" library="riil_helper">
<arguments>
<arg>${section}</arg>
<arg>${xpath_name}</arg>
<arg>${product}</arg>
</arguments>
<assign>
<var>${user}</var>
</assign>
<msg timestamp="20190306 09:41:19.417" level="INFO">${user} = //input[@placeholder='密码']</msg>
<status status="PASS" starttime="20190306 09:41:19.415" endtime="20190306 09:41:19.417"></status>
</kw>
<kw name="Sleep" library="BuiltIn">
<doc>Pauses the test executed for the given time.</doc>
<arguments>
<arg>2</arg>
</arguments>
<msg timestamp="20190306 09:41:21.418" level="INFO">Slept 2 seconds</msg>
<status status="PASS" starttime="20190306 09:41:19.417" endtime="20190306 09:41:21.418"></status>
</kw>
<kw name="Input Text" library="Selenium2Library">
<doc>Types the given ``text`` into text field identified by ``locator``.</doc>
<arguments>
<arg>${user}</arg>
<arg>${str_name}</arg>
</arguments>
<msg timestamp="20190306 09:41:21.418" level="INFO">Typing text 'admin' into text field '//input[@placeholder='密码']'.</msg>
<status status="PASS" starttime="20190306 09:41:21.418" endtime="20190306 09:41:21.491"></status>
</kw>
<status status="PASS" starttime="20190306 09:41:19.415" endtime="20190306 09:41:21.491"></status>
</kw>
<status status="PASS" starttime="20190306 09:41:19.414" endtime="20190306 09:41:21.491"></status>
</kw>
<kw name="登录" library="relax_element_keyword_resource">
<kw name="点击按钮" library="riil_common_keyword_resource">
<arguments>
<arg>login_page</arg>
<arg>login_button1</arg>
<arg>relax</arg>
</arguments>
<kw name="Get Xpath" library="riil_helper">
<arguments>
<arg>${section}</arg>
<arg>${xpath_name}</arg>
<arg>${product}</arg>
</arguments>
<assign>
<var>${name}</var>
</assign>
<msg timestamp="20190306 09:41:21.493" level="INFO">${name} = //*[@class="btn btn-block btn-primary"]</msg>
<status status="PASS" starttime="20190306 09:41:21.492" endtime="20190306 09:41:21.493"></status>
</kw>
<kw name="Click Button" library="Selenium2Library">
<doc>Clicks button identified by ``locator``.</doc>
<arguments>
<arg>${name}</arg>
</arguments>
<msg timestamp="20190306 09:41:21.493" level="INFO">Clicking button '//*[@class="btn btn-block btn-primary"]'.</msg>
<status status="PASS" starttime="20190306 09:41:21.493" endtime="20190306 09:41:21.561"></status>
</kw>
<status status="PASS" starttime="20190306 09:41:21.492" endtime="20190306 09:41:21.561"></status>
</kw>
<status status="PASS" starttime="20190306 09:41:21.491" endtime="20190306 09:41:21.561"></status>
</kw>
<kw name="等待 5s" library="riil_common_keyword_resource">
<kw name="Sleep" library="BuiltIn">
<doc>Pauses the test executed for the given time.</doc>
<arguments>
<arg>5</arg>
</arguments>
<msg timestamp="20190306 09:41:26.562" level="INFO">Slept 5 seconds</msg>
<status status="PASS" starttime="20190306 09:41:21.561" endtime="20190306 09:41:26.562"></status>
</kw>
<status status="PASS" starttime="20190306 09:41:21.561" endtime="20190306 09:41:26.562"></status>
</kw>
<kw name="登录成功验证" library="relax_element_keyword_resource">
<arguments>
<arg>工作台</arg>
</arguments>
<kw name="校验包含字符串" library="relax_element_keyword_resource">
<arguments>
<arg>login_page</arg>
<arg>workspace</arg>
<arg>${str_name}</arg>
<arg>relax</arg>
</arguments>
<kw name="Get Xpath" library="riil_helper">
<arguments>
<arg>${section}</arg>
<arg>${xpath_name}</arg>
<arg>${product}</arg>
</arguments>
<assign>
<var>${s}</var>
</assign>
<msg timestamp="20190306 09:41:26.564" level="INFO">${s} = //a[@data-frame-id='workTab']</msg>
<status status="PASS" starttime="20190306 09:41:26.563" endtime="20190306 09:41:26.564"></status>
</kw>
<kw name="Get Text" library="Selenium2Library">
<doc>Returns the text value of element identified by ``locator``.</doc>
<arguments>
<arg>${s}</arg>
</arguments>
<assign>
<var>${fullstr}</var>
</assign>
<msg timestamp="20190306 09:41:26.592" level="INFO">${fullstr} = 工作台</msg>
<status status="PASS" starttime="20190306 09:41:26.564" endtime="20190306 09:41:26.592"></status>
</kw>
<kw name="Log" library="BuiltIn">
<doc>Logs the given message with the given level.</doc>
<arguments>
<arg>${fullstr}</arg>
</arguments>
<msg timestamp="20190306 09:41:26.592" level="INFO">工作台</msg>
<status status="PASS" starttime="20190306 09:41:26.592" endtime="20190306 09:41:26.593"></status>
</kw>
<kw name="Should Contain" library="BuiltIn">
<doc>Fails if ``container`` does not contain ``item`` one or more times.</doc>
<arguments>
<arg>${fullstr}</arg>
<arg>${str}</arg>
</arguments>
<status status="PASS" starttime="20190306 09:41:26.593" endtime="20190306 09:41:26.593"></status>
</kw>
<status status="PASS" starttime="20190306 09:41:26.562" endtime="20190306 09:41:26.593"></status>
</kw>
<status status="PASS" starttime="20190306 09:41:26.562" endtime="20190306 09:41:26.593"></status>
</kw>
<status status="PASS" starttime="20190306 09:41:16.318" endtime="20190306 09:41:26.593"></status>
</kw>
<kw name="点击右展按钮" library="relax_element_keyword_resource">
<kw name="click element">
<arguments>
<arg>class=arrow-right</arg>
</arguments>
<msg timestamp="20190306 09:41:26.598" level="FAIL">No keyword with name 'click element' found. Did you mean:
    Selenium2Library.Click Element123</msg>
<status status="FAIL" starttime="20190306 09:41:26.598" endtime="20190306 09:41:26.598"></status>
</kw>
<status status="FAIL" starttime="20190306 09:41:26.593" endtime="20190306 09:41:26.598"></status>
</kw>
<status status="FAIL" starttime="20190306 09:41:16.318" endtime="20190306 09:41:26.598"></status>
</kw>
<status status="FAIL" starttime="20190306 09:41:12.537" endtime="20190306 09:41:26.599" critical="yes">No keyword with name 'click element' found. Did you mean:
    Selenium2Library.Click Element123</status>
</test>
<status status="FAIL" starttime="20190306 09:41:11.765" endtime="20190306 09:41:26.599"></status>
</suite>
<statistics>
<total>
<stat pass="0" fail="1">Critical Tests</stat>
<stat pass="0" fail="1">All Tests</stat>
</total>
<tag>
</tag>
<suite>
<stat pass="0" fail="1" id="s1" name="Test">Test</stat>
</suite>
</statistics>
<errors>
</errors>
</robot>
