<?xml version="1.0" encoding="UTF-8"?>
<robot generator="Robot 3.1.1 (Python 3.6.2 on darwin)" generated="20190218 11:36:20.991" rpa="false">
<suite id="s1" name="IP分组管理" source="/Users/qingbo/testproject/RIIL_automation_testing_base_on_robot_framework/testcases/cheetah/系统配置/IP分组管理">
<suite id="s1-s1" name="验证添加IP分组 633799" source="/Users/qingbo/testproject/RIIL_automation_testing_base_on_robot_framework/testcases/cheetah/系统配置/IP分组管理/验证添加IP分组_633799.robot">
<test id="s1-s1-t1" name="添加IP分组">
<kw name="登录猎豹" library="cheetah_business_keyword_resource">
<arguments>
<arg>admin</arg>
<arg>admin123</arg>
</arguments>
<kw name="打开浏览器" library="cheetah_element_keyword_resource">
<kw name="Get Xpath" library="riil_helper">
<arguments>
<arg>login_page</arg>
<arg>cheetah</arg>
</arguments>
<assign>
<var>${url}</var>
</assign>
<msg timestamp="20190218 11:36:21.409" level="INFO">${url} = http://172.17.161.94/cheetah/</msg>
<status status="PASS" starttime="20190218 11:36:21.407" endtime="20190218 11:36:21.409"></status>
</kw>
<kw name="Open Browser" library="Selenium2Library">
<doc>Opens a new browser instance to the given ``url``.</doc>
<arguments>
<arg>${url}</arg>
<arg>chrome</arg>
</arguments>
<msg timestamp="20190218 11:36:21.409" level="INFO">Opening browser 'chrome' to base url 'http://172.17.161.94/cheetah/'.</msg>
<status status="PASS" starttime="20190218 11:36:21.409" endtime="20190218 11:36:36.363"></status>
</kw>
<kw name="Maximize Browser Window" library="Selenium2Library">
<doc>Maximizes current browser window.</doc>
<status status="PASS" starttime="20190218 11:36:36.365" endtime="20190218 11:36:36.671"></status>
</kw>
<status status="PASS" starttime="20190218 11:36:21.407" endtime="20190218 11:36:36.672"></status>
</kw>
<kw name="等待" library="riil_common_keyword_resource">
<kw name="Set Browser Implicit Wait" library="Selenium2Library">
<doc>Sets the implicit wait value used by Selenium.</doc>
<arguments>
<arg>5</arg>
</arguments>
<status status="PASS" starttime="20190218 11:36:36.673" endtime="20190218 11:36:36.676"></status>
</kw>
<status status="PASS" starttime="20190218 11:36:36.672" endtime="20190218 11:36:36.677"></status>
</kw>
<kw name="登录名称" library="cheetah_element_keyword_resource">
<arguments>
<arg>${username}</arg>
</arguments>
<kw name="输入字符串" library="riil_common_keyword_resource">
<arguments>
<arg>login_page</arg>
<arg>username</arg>
<arg>${str_name}</arg>
</arguments>
<kw name="Get Xpath" library="riil_helper">
<arguments>
<arg>${section}</arg>
<arg>${xpath_name}</arg>
</arguments>
<assign>
<var>${user}</var>
</assign>
<msg timestamp="20190218 11:36:36.685" level="INFO">${user} = //*[@id="username"]</msg>
<status status="PASS" starttime="20190218 11:36:36.681" endtime="20190218 11:36:36.685"></status>
</kw>
<kw name="Input Text" library="Selenium2Library">
<doc>Types the given ``text`` into text field identified by ``locator``.</doc>
<arguments>
<arg>${user}</arg>
<arg>${str_name}</arg>
</arguments>
<msg timestamp="20190218 11:36:36.687" level="INFO">Typing text 'admin' into text field '//*[@id="username"]'.</msg>
<status status="PASS" starttime="20190218 11:36:36.686" endtime="20190218 11:36:37.088"></status>
</kw>
<status status="PASS" starttime="20190218 11:36:36.679" endtime="20190218 11:36:37.088"></status>
</kw>
<status status="PASS" starttime="20190218 11:36:36.677" endtime="20190218 11:36:37.088"></status>
</kw>
<kw name="登录密码" library="cheetah_element_keyword_resource">
<arguments>
<arg>${password}</arg>
</arguments>
<kw name="输入字符串" library="riil_common_keyword_resource">
<arguments>
<arg>login_page</arg>
<arg>password</arg>
<arg>${str_name}</arg>
</arguments>
<kw name="Get Xpath" library="riil_helper">
<arguments>
<arg>${section}</arg>
<arg>${xpath_name}</arg>
</arguments>
<assign>
<var>${user}</var>
</assign>
<msg timestamp="20190218 11:36:37.090" level="INFO">${user} = //*[@id="password"]</msg>
<status status="PASS" starttime="20190218 11:36:37.089" endtime="20190218 11:36:37.090"></status>
</kw>
<kw name="Input Text" library="Selenium2Library">
<doc>Types the given ``text`` into text field identified by ``locator``.</doc>
<arguments>
<arg>${user}</arg>
<arg>${str_name}</arg>
</arguments>
<msg timestamp="20190218 11:36:37.090" level="INFO">Typing text 'admin123' into text field '//*[@id="password"]'.</msg>
<status status="PASS" starttime="20190218 11:36:37.090" endtime="20190218 11:36:37.306"></status>
</kw>
<status status="PASS" starttime="20190218 11:36:37.089" endtime="20190218 11:36:37.306"></status>
</kw>
<status status="PASS" starttime="20190218 11:36:37.088" endtime="20190218 11:36:37.306"></status>
</kw>
<kw name="登录" library="cheetah_element_keyword_resource">
<kw name="点击按钮" library="riil_common_keyword_resource">
<arguments>
<arg>login_page</arg>
<arg>login_button</arg>
</arguments>
<kw name="Get Xpath" library="riil_helper">
<arguments>
<arg>${section}</arg>
<arg>${xpath_name}</arg>
</arguments>
<assign>
<var>${name}</var>
</assign>
<msg timestamp="20190218 11:36:37.309" level="INFO">${name} = //*[@class="ant-btn login-form-button ant-btn-primary"]</msg>
<status status="PASS" starttime="20190218 11:36:37.308" endtime="20190218 11:36:37.309"></status>
</kw>
<kw name="Click Button" library="Selenium2Library">
<doc>Clicks button identified by ``locator``.</doc>
<arguments>
<arg>${name}</arg>
</arguments>
<msg timestamp="20190218 11:36:37.309" level="INFO">Clicking button '//*[@class="ant-btn login-form-button ant-btn-primary"]'.</msg>
<status status="PASS" starttime="20190218 11:36:37.309" endtime="20190218 11:36:37.439"></status>
</kw>
<status status="PASS" starttime="20190218 11:36:37.307" endtime="20190218 11:36:37.439"></status>
</kw>
<kw name="等待" library="riil_common_keyword_resource">
<kw name="Set Browser Implicit Wait" library="Selenium2Library">
<doc>Sets the implicit wait value used by Selenium.</doc>
<arguments>
<arg>5</arg>
</arguments>
<status status="PASS" starttime="20190218 11:36:37.440" endtime="20190218 11:36:37.441"></status>
</kw>
<status status="PASS" starttime="20190218 11:36:37.439" endtime="20190218 11:36:37.441"></status>
</kw>
<kw name="校验字符串" library="riil_common_keyword_resource">
<arguments>
<arg>cheetah_homepage</arg>
<arg>admin_name</arg>
<arg>系统管理员</arg>
</arguments>
<kw name="Get Xpath" library="riil_helper">
<arguments>
<arg>${section}</arg>
<arg>${xpath_name}</arg>
</arguments>
<assign>
<var>${s}</var>
</assign>
<msg timestamp="20190218 11:36:37.443" level="INFO">${s} = //span[@class="ri-username"]</msg>
<status status="PASS" starttime="20190218 11:36:37.442" endtime="20190218 11:36:37.443"></status>
</kw>
<kw name="Get Text" library="Selenium2Library">
<doc>Returns the text value of element identified by ``locator``.</doc>
<arguments>
<arg>${s}</arg>
</arguments>
<assign>
<var>${fullstr}</var>
</assign>
<msg timestamp="20190218 11:36:37.954" level="INFO">${fullstr} = 系统管理员</msg>
<status status="PASS" starttime="20190218 11:36:37.443" endtime="20190218 11:36:37.954"></status>
</kw>
<kw name="Should Contain" library="BuiltIn">
<doc>Fails if ``container`` does not contain ``item`` one or more times.</doc>
<arguments>
<arg>${fullstr}</arg>
<arg>${str}</arg>
</arguments>
<status status="PASS" starttime="20190218 11:36:37.955" endtime="20190218 11:36:37.957"></status>
</kw>
<status status="PASS" starttime="20190218 11:36:37.441" endtime="20190218 11:36:37.957"></status>
</kw>
<status status="PASS" starttime="20190218 11:36:37.306" endtime="20190218 11:36:37.958"></status>
</kw>
<status status="PASS" starttime="20190218 11:36:21.407" endtime="20190218 11:36:37.958"></status>
</kw>
<status status="PASS" starttime="20190218 11:36:21.405" endtime="20190218 11:36:37.959" critical="yes"></status>
</test>
<status status="PASS" starttime="20190218 11:36:21.040" endtime="20190218 11:36:37.962"></status>
</suite>
<status status="PASS" starttime="20190218 11:36:20.994" endtime="20190218 11:36:37.969"></status>
</suite>
<statistics>
<total>
<stat pass="1" fail="0">Critical Tests</stat>
<stat pass="1" fail="0">All Tests</stat>
</total>
<tag>
</tag>
<suite>
<stat pass="1" fail="0" id="s1" name="IP分组管理">IP分组管理</stat>
<stat pass="1" fail="0" id="s1-s1" name="验证添加IP分组 633799">IP分组管理.验证添加IP分组 633799</stat>
</suite>
</statistics>
<errors>
</errors>
</robot>
