<?xml version="1.0" encoding="UTF-8"?>
<robot generator="Robot 3.1.1 (Python 3.7.2 on win32)" generated="20190218 13:47:32.867" rpa="false">
<suite id="s1" name="验证添加IP分组 633799" source="D:\robotframework-master\RIIL_automation_testing_base_on_robot_framework-dev\testcases\cheetah\系统配置\IP分组管理\验证添加IP分组_633799.robot">
<test id="s1-t1" name="添加IP分组">
<kw name="登录猎豹" library="cheetah_business_keyword_resource">
<arguments>
<arg>admin</arg>
<arg>admin123</arg>
</arguments>
<kw name="打开浏览器" library="cheetah_element_keyword_resource">
<kw name="Get Xpath" library="riil_helper">
<arguments>
<arg>login_page</arg>
<arg>cheetah</arg>
</arguments>
<assign>
<var>${url}</var>
</assign>
<msg timestamp="20190218 13:47:33.201" level="INFO">${url} = http://172.17.161.94/cheetah/</msg>
<status status="PASS" starttime="20190218 13:47:33.201" endtime="20190218 13:47:33.201"></status>
</kw>
<kw name="Open Browser" library="Selenium2Library">
<doc>Opens a new browser instance to the given ``url``.</doc>
<arguments>
<arg>${url}</arg>
<arg>chrome</arg>
</arguments>
<msg timestamp="20190218 13:47:33.202" level="INFO">Opening browser 'chrome' to base url 'http://172.17.161.94/cheetah/'.</msg>
<status status="PASS" starttime="20190218 13:47:33.202" endtime="20190218 13:47:50.321"></status>
</kw>
<kw name="Maximize Browser Window" library="Selenium2Library">
<doc>Maximizes current browser window.</doc>
<status status="PASS" starttime="20190218 13:47:50.321" endtime="20190218 13:47:51.441"></status>
</kw>
<status status="PASS" starttime="20190218 13:47:33.201" endtime="20190218 13:47:51.441"></status>
</kw>
<kw name="等待" library="riil_common_keyword_resource">
<kw name="Set Browser Implicit Wait" library="Selenium2Library">
<doc>Sets the implicit wait value used by Selenium.</doc>
<arguments>
<arg>5</arg>
</arguments>
<status status="PASS" starttime="20190218 13:47:51.441" endtime="20190218 13:47:51.442"></status>
</kw>
<status status="PASS" starttime="20190218 13:47:51.441" endtime="20190218 13:47:51.442"></status>
</kw>
<kw name="登录名称" library="cheetah_element_keyword_resource">
<arguments>
<arg>${username}</arg>
</arguments>
<kw name="输入字符串" library="riil_common_keyword_resource">
<arguments>
<arg>login_page</arg>
<arg>username</arg>
<arg>${str_name}</arg>
</arguments>
<kw name="Get Xpath" library="riil_helper">
<arguments>
<arg>${section}</arg>
<arg>${xpath_name}</arg>
</arguments>
<assign>
<var>${user}</var>
</assign>
<msg timestamp="20190218 13:47:51.443" level="INFO">${user} = //*[@id="username"]</msg>
<status status="PASS" starttime="20190218 13:47:51.443" endtime="20190218 13:47:51.443"></status>
</kw>
<kw name="Input Text" library="Selenium2Library">
<doc>Types the given ``text`` into text field identified by ``locator``.</doc>
<arguments>
<arg>${user}</arg>
<arg>${str_name}</arg>
</arguments>
<msg timestamp="20190218 13:47:51.444" level="INFO">Typing text 'admin' into text field '//*[@id="username"]'.</msg>
<status status="PASS" starttime="20190218 13:47:51.443" endtime="20190218 13:47:51.714"></status>
</kw>
<status status="PASS" starttime="20190218 13:47:51.442" endtime="20190218 13:47:51.714"></status>
</kw>
<status status="PASS" starttime="20190218 13:47:51.442" endtime="20190218 13:47:51.714"></status>
</kw>
<kw name="登录密码" library="cheetah_element_keyword_resource">
<arguments>
<arg>${password}</arg>
</arguments>
<kw name="输入字符串" library="riil_common_keyword_resource">
<arguments>
<arg>login_page</arg>
<arg>password</arg>
<arg>${str_name}</arg>
</arguments>
<kw name="Get Xpath" library="riil_helper">
<arguments>
<arg>${section}</arg>
<arg>${xpath_name}</arg>
</arguments>
<assign>
<var>${user}</var>
</assign>
<msg timestamp="20190218 13:47:51.717" level="INFO">${user} = //*[@id="password"]</msg>
<status status="PASS" starttime="20190218 13:47:51.715" endtime="20190218 13:47:51.717"></status>
</kw>
<kw name="Input Text" library="Selenium2Library">
<doc>Types the given ``text`` into text field identified by ``locator``.</doc>
<arguments>
<arg>${user}</arg>
<arg>${str_name}</arg>
</arguments>
<msg timestamp="20190218 13:47:51.717" level="INFO">Typing text 'admin123' into text field '//*[@id="password"]'.</msg>
<status status="PASS" starttime="20190218 13:47:51.717" endtime="20190218 13:47:51.899"></status>
</kw>
<status status="PASS" starttime="20190218 13:47:51.715" endtime="20190218 13:47:51.899"></status>
</kw>
<status status="PASS" starttime="20190218 13:47:51.714" endtime="20190218 13:47:51.899"></status>
</kw>
<kw name="登录" library="cheetah_element_keyword_resource">
<kw name="点击按钮" library="riil_common_keyword_resource">
<arguments>
<arg>login_page</arg>
<arg>login_button</arg>
</arguments>
<kw name="Get Xpath" library="riil_helper">
<arguments>
<arg>${section}</arg>
<arg>${xpath_name}</arg>
</arguments>
<assign>
<var>${name}</var>
</assign>
<msg timestamp="20190218 13:47:51.901" level="INFO">${name} = //*[@class="ant-btn login-form-button ant-btn-primary"]</msg>
<status status="PASS" starttime="20190218 13:47:51.900" endtime="20190218 13:47:51.901"></status>
</kw>
<kw name="Click Button" library="Selenium2Library">
<doc>Clicks button identified by ``locator``.</doc>
<arguments>
<arg>${name}</arg>
</arguments>
<msg timestamp="20190218 13:47:51.902" level="INFO">Clicking button '//*[@class="ant-btn login-form-button ant-btn-primary"]'.</msg>
<status status="PASS" starttime="20190218 13:47:51.901" endtime="20190218 13:47:52.007"></status>
</kw>
<status status="PASS" starttime="20190218 13:47:51.900" endtime="20190218 13:47:52.007"></status>
</kw>
<kw name="等待" library="riil_common_keyword_resource">
<kw name="Set Browser Implicit Wait" library="Selenium2Library">
<doc>Sets the implicit wait value used by Selenium.</doc>
<arguments>
<arg>5</arg>
</arguments>
<status status="PASS" starttime="20190218 13:47:52.008" endtime="20190218 13:47:52.009"></status>
</kw>
<status status="PASS" starttime="20190218 13:47:52.007" endtime="20190218 13:47:52.009"></status>
</kw>
<kw name="校验字符串" library="riil_common_keyword_resource">
<arguments>
<arg>cheetah_homepage</arg>
<arg>admin_name</arg>
<arg>系统管理员</arg>
</arguments>
<kw name="Get Xpath" library="riil_helper">
<arguments>
<arg>${section}</arg>
<arg>${xpath_name}</arg>
</arguments>
<assign>
<var>${s}</var>
</assign>
<msg timestamp="20190218 13:47:52.010" level="INFO">${s} = //span[@class="ri-username"]</msg>
<status status="PASS" starttime="20190218 13:47:52.009" endtime="20190218 13:47:52.010"></status>
</kw>
<kw name="Get Text" library="Selenium2Library">
<doc>Returns the text value of element identified by ``locator``.</doc>
<arguments>
<arg>${s}</arg>
</arguments>
<assign>
<var>${fullstr}</var>
</assign>
<msg timestamp="20190218 13:47:52.348" level="INFO">${fullstr} = 系统管理员</msg>
<status status="PASS" starttime="20190218 13:47:52.010" endtime="20190218 13:47:52.348"></status>
</kw>
<kw name="Should Contain" library="BuiltIn">
<doc>Fails if ``container`` does not contain ``item`` one or more times.</doc>
<arguments>
<arg>${fullstr}</arg>
<arg>${str}</arg>
</arguments>
<status status="PASS" starttime="20190218 13:47:52.348" endtime="20190218 13:47:52.348"></status>
</kw>
<status status="PASS" starttime="20190218 13:47:52.009" endtime="20190218 13:47:52.348"></status>
</kw>
<status status="PASS" starttime="20190218 13:47:51.900" endtime="20190218 13:47:52.348"></status>
</kw>
<status status="PASS" starttime="20190218 13:47:33.200" endtime="20190218 13:47:52.348"></status>
</kw>
<status status="PASS" starttime="20190218 13:47:33.200" endtime="20190218 13:47:52.349" critical="yes"></status>
</test>
<status status="PASS" starttime="20190218 13:47:32.870" endtime="20190218 13:47:52.350"></status>
</suite>
<statistics>
<total>
<stat pass="1" fail="0">Critical Tests</stat>
<stat pass="1" fail="0">All Tests</stat>
</total>
<tag>
</tag>
<suite>
<stat pass="1" fail="0" id="s1" name="验证添加IP分组 633799">验证添加IP分组 633799</stat>
</suite>
</statistics>
<errors>
</errors>
</robot>
