<?xml version="1.0" encoding="UTF-8"?>
<robot generator="Robot 3.1.1 (Python 3.7.2 on win32)" generated="20190219 14:03:16.420" rpa="false">
<suite id="s1" name="登录页面" source="D:\robotframework-master\RIIL_automation_testing_base_on_robot_framework-dev\testcases\relax\登录模块\登录页面.robot">
<test id="s1-t1" name="test01">
<kw name="登录Relax" library="relax_business_keyword_resource">
<arguments>
<arg>小李</arg>
<arg>1</arg>
</arguments>
<kw name="打开浏览器" library="relax_element_keyword_resource">
<kw name="Get Xpath" library="riil_helper">
<arguments>
<arg>login_page</arg>
<arg>relax</arg>
</arguments>
<assign>
<var>${url}</var>
</assign>
<msg timestamp="20190219 14:03:16.707" level="INFO">http://172.17.189.59:9090/relax/index.html#/v2.lobby.lobby</msg>
<msg timestamp="20190219 14:03:16.707" level="INFO">${url} = http://172.17.189.59:9090/relax/index.html#/v2.lobby.lobby</msg>
<status status="PASS" starttime="20190219 14:03:16.705" endtime="20190219 14:03:16.707"></status>
</kw>
<kw name="Log" library="BuiltIn">
<doc>Logs the given message with the given level.</doc>
<arguments>
<arg>${url}</arg>
</arguments>
<msg timestamp="20190219 14:03:16.707" level="INFO">http://172.17.189.59:9090/relax/index.html#/v2.lobby.lobby</msg>
<status status="PASS" starttime="20190219 14:03:16.707" endtime="20190219 14:03:16.707"></status>
</kw>
<kw name="Open Browser" library="Selenium2Library">
<doc>Opens a new browser instance to the given ``url``.</doc>
<arguments>
<arg>${url}</arg>
<arg>chrome</arg>
</arguments>
<msg timestamp="20190219 14:03:16.708" level="INFO">Opening browser 'chrome' to base url 'http://172.17.189.59:9090/relax/index.html#/v2.lobby.lobby'.</msg>
<status status="PASS" starttime="20190219 14:03:16.707" endtime="20190219 14:03:19.461"></status>
</kw>
<kw name="Maximize Browser Window" library="Selenium2Library">
<doc>Maximizes current browser window.</doc>
<status status="PASS" starttime="20190219 14:03:19.461" endtime="20190219 14:03:20.585"></status>
</kw>
<status status="PASS" starttime="20190219 14:03:16.705" endtime="20190219 14:03:20.585"></status>
</kw>
<kw name="等待" library="riil_common_keyword_resource">
<kw name="Set Browser Implicit Wait" library="Selenium2Library">
<doc>Sets the implicit wait value used by Selenium.</doc>
<arguments>
<arg>5</arg>
</arguments>
<status status="PASS" starttime="20190219 14:03:20.586" endtime="20190219 14:03:20.587"></status>
</kw>
<status status="PASS" starttime="20190219 14:03:20.585" endtime="20190219 14:03:20.587"></status>
</kw>
<kw name="点击登录" library="relax_element_keyword_resource">
<kw name="Click Element" library="Selenium2Library">
<doc>Click element identified by ``locator``.</doc>
<arguments>
<arg>class=login</arg>
</arguments>
<msg timestamp="20190219 14:03:20.587" level="INFO">Clicking element 'class=login'.</msg>
<status status="PASS" starttime="20190219 14:03:20.587" endtime="20190219 14:03:20.701"></status>
</kw>
<status status="PASS" starttime="20190219 14:03:20.587" endtime="20190219 14:03:20.701"></status>
</kw>
<kw name="登录名称" library="relax_element_keyword_resource">
<arguments>
<arg>${username}</arg>
</arguments>
<kw name="输入字符串" library="riil_common_keyword_resource">
<arguments>
<arg>login_page</arg>
<arg>username</arg>
<arg>${str_name}</arg>
</arguments>
<kw name="Get Xpath" library="riil_helper">
<arguments>
<arg>${section}</arg>
<arg>${xpath_name}</arg>
</arguments>
<assign>
<var>${user}</var>
</assign>
<msg timestamp="20190219 14:03:20.703" level="INFO">//*[@name="username"]</msg>
<msg timestamp="20190219 14:03:20.703" level="INFO">${user} = //*[@name="username"]</msg>
<status status="PASS" starttime="20190219 14:03:20.702" endtime="20190219 14:03:20.703"></status>
</kw>
<kw name="Input Text" library="Selenium2Library">
<doc>Types the given ``text`` into text field identified by ``locator``.</doc>
<arguments>
<arg>${user}</arg>
<arg>${str_name}</arg>
</arguments>
<msg timestamp="20190219 14:03:20.703" level="INFO">Typing text '小李' into text field '//*[@name="username"]'.</msg>
<status status="PASS" starttime="20190219 14:03:20.703" endtime="20190219 14:03:20.955"></status>
</kw>
<status status="PASS" starttime="20190219 14:03:20.702" endtime="20190219 14:03:20.956"></status>
</kw>
<status status="PASS" starttime="20190219 14:03:20.701" endtime="20190219 14:03:20.956"></status>
</kw>
<kw name="登录密码" library="relax_element_keyword_resource">
<arguments>
<arg>${password}</arg>
</arguments>
<kw name="输入字符串" library="riil_common_keyword_resource">
<arguments>
<arg>login_page</arg>
<arg>password</arg>
<arg>${str_name}</arg>
</arguments>
<kw name="Get Xpath" library="riil_helper">
<arguments>
<arg>${section}</arg>
<arg>${xpath_name}</arg>
</arguments>
<assign>
<var>${user}</var>
</assign>
<msg timestamp="20190219 14:03:20.958" level="INFO">//input[@placeholder='密码']</msg>
<msg timestamp="20190219 14:03:20.958" level="INFO">${user} = //input[@placeholder='密码']</msg>
<status status="PASS" starttime="20190219 14:03:20.956" endtime="20190219 14:03:20.958"></status>
</kw>
<kw name="Input Text" library="Selenium2Library">
<doc>Types the given ``text`` into text field identified by ``locator``.</doc>
<arguments>
<arg>${user}</arg>
<arg>${str_name}</arg>
</arguments>
<msg timestamp="20190219 14:03:20.958" level="INFO">Typing text '1' into text field '//input[@placeholder='密码']'.</msg>
<status status="PASS" starttime="20190219 14:03:20.958" endtime="20190219 14:03:21.021"></status>
</kw>
<status status="PASS" starttime="20190219 14:03:20.956" endtime="20190219 14:03:21.021"></status>
</kw>
<status status="PASS" starttime="20190219 14:03:20.956" endtime="20190219 14:03:21.021"></status>
</kw>
<kw name="登录" library="relax_element_keyword_resource">
<kw name="点击按钮" library="riil_common_keyword_resource">
<arguments>
<arg>login_page</arg>
<arg>login_button1</arg>
</arguments>
<kw name="Get Xpath" library="riil_helper">
<arguments>
<arg>${section}</arg>
<arg>${xpath_name}</arg>
</arguments>
<assign>
<var>${name}</var>
</assign>
<msg timestamp="20190219 14:03:21.023" level="INFO">//*[@class="btn btn-block btn-primary"]</msg>
<msg timestamp="20190219 14:03:21.023" level="INFO">${name} = //*[@class="btn btn-block btn-primary"]</msg>
<status status="PASS" starttime="20190219 14:03:21.022" endtime="20190219 14:03:21.023"></status>
</kw>
<kw name="Log" library="BuiltIn">
<doc>Logs the given message with the given level.</doc>
<arguments>
<arg>${name}</arg>
</arguments>
<msg timestamp="20190219 14:03:21.023" level="INFO">//*[@class="btn btn-block btn-primary"]</msg>
<status status="PASS" starttime="20190219 14:03:21.023" endtime="20190219 14:03:21.023"></status>
</kw>
<kw name="Click Button" library="Selenium2Library">
<doc>Clicks button identified by ``locator``.</doc>
<arguments>
<arg>${name}</arg>
</arguments>
<msg timestamp="20190219 14:03:21.024" level="INFO">Clicking button '//*[@class="btn btn-block btn-primary"]'.</msg>
<status status="PASS" starttime="20190219 14:03:21.023" endtime="20190219 14:03:21.088"></status>
</kw>
<status status="PASS" starttime="20190219 14:03:21.022" endtime="20190219 14:03:21.088"></status>
</kw>
<kw name="等待" library="riil_common_keyword_resource">
<kw name="Set Browser Implicit Wait" library="Selenium2Library">
<doc>Sets the implicit wait value used by Selenium.</doc>
<arguments>
<arg>5</arg>
</arguments>
<status status="PASS" starttime="20190219 14:03:21.089" endtime="20190219 14:03:21.090"></status>
</kw>
<status status="PASS" starttime="20190219 14:03:21.088" endtime="20190219 14:03:21.090"></status>
</kw>
<status status="PASS" starttime="20190219 14:03:21.022" endtime="20190219 14:03:21.090"></status>
</kw>
<kw name="登录成功验证" library="relax_element_keyword_resource">
<arguments>
<arg>工作台</arg>
</arguments>
<kw name="校验包含字符串" library="riil_common_keyword_resource">
<arguments>
<arg>login_page</arg>
<arg>workspace</arg>
<arg>${str_name}</arg>
</arguments>
<kw name="Get Xpath" library="riil_helper">
<arguments>
<arg>${section}</arg>
<arg>${xpath_name}</arg>
</arguments>
<assign>
<var>${s}</var>
</assign>
<msg timestamp="20190219 14:03:21.092" level="INFO">//a[@data-frame-id='workTab']</msg>
<msg timestamp="20190219 14:03:21.092" level="INFO">${s} = //a[@data-frame-id='workTab']</msg>
<status status="PASS" starttime="20190219 14:03:21.091" endtime="20190219 14:03:21.092"></status>
</kw>
<kw name="Get Text" library="Selenium2Library">
<doc>Returns the text value of element identified by ``locator``.</doc>
<arguments>
<arg>${s}</arg>
</arguments>
<assign>
<var>${fullstr}</var>
</assign>
<msg timestamp="20190219 14:03:21.514" level="INFO">${fullstr} = 工作台</msg>
<status status="PASS" starttime="20190219 14:03:21.092" endtime="20190219 14:03:21.514"></status>
</kw>
<kw name="Log" library="BuiltIn">
<doc>Logs the given message with the given level.</doc>
<arguments>
<arg>${fullstr}</arg>
</arguments>
<msg timestamp="20190219 14:03:21.514" level="INFO">工作台</msg>
<status status="PASS" starttime="20190219 14:03:21.514" endtime="20190219 14:03:21.514"></status>
</kw>
<kw name="Should Contain" library="BuiltIn">
<doc>Fails if ``container`` does not contain ``item`` one or more times.</doc>
<arguments>
<arg>${fullstr}</arg>
<arg>${str}</arg>
</arguments>
<status status="PASS" starttime="20190219 14:03:21.514" endtime="20190219 14:03:21.515"></status>
</kw>
<status status="PASS" starttime="20190219 14:03:21.090" endtime="20190219 14:03:21.515"></status>
</kw>
<status status="PASS" starttime="20190219 14:03:21.090" endtime="20190219 14:03:21.515"></status>
</kw>
<kw name="关闭浏览器" library="relax_element_keyword_resource">
<kw name="Close Browser" library="Selenium2Library">
<doc>Closes the current browser.</doc>
<status status="PASS" starttime="20190219 14:03:21.515" endtime="20190219 14:03:23.649"></status>
</kw>
<status status="PASS" starttime="20190219 14:03:21.515" endtime="20190219 14:03:23.650"></status>
</kw>
<status status="PASS" starttime="20190219 14:03:16.705" endtime="20190219 14:03:23.650"></status>
</kw>
<status status="PASS" starttime="20190219 14:03:16.704" endtime="20190219 14:03:23.651" critical="yes"></status>
</test>
<status status="PASS" starttime="20190219 14:03:16.423" endtime="20190219 14:03:23.653"></status>
</suite>
<statistics>
<total>
<stat pass="1" fail="0">Critical Tests</stat>
<stat pass="1" fail="0">All Tests</stat>
</total>
<tag>
</tag>
<suite>
<stat pass="1" fail="0" id="s1" name="登录页面">登录页面</stat>
</suite>
</statistics>
<errors>
</errors>
</robot>
